[0.054s] Invoking command in '/home/legacy/trr_robot_ws/build/joint_state_broadcaster': AMENT_PREFIX_PATH=/home/legacy/trr_robot_ws/install/controller_interface:/home/legacy/trr_robot_ws/install/hardware_interface:/home/legacy/trr_robot_ws/install/ros2_control_test_assets:/home/legacy/trr_robot_ws/install/controller_manager_msgs:${AMENT_PREFIX_PATH} CMAKE_PREFIX_PATH=/home/legacy/trr_robot_ws/install/controller_interface:/home/legacy/trr_robot_ws/install/hardware_interface:/home/legacy/trr_robot_ws/install/ros2_control_test_assets:/home/legacy/trr_robot_ws/install/controller_manager_msgs:/opt/ros/foxy LD_LIBRARY_PATH=/home/legacy/trr_robot_ws/install/controller_interface/lib:/home/legacy/trr_robot_ws/install/hardware_interface/lib:/home/legacy/trr_robot_ws/install/controller_manager_msgs/lib:${LD_LIBRARY_PATH} PYTHONPATH=/home/legacy/trr_robot_ws/install/controller_manager_msgs/lib/python3.8/site-packages:${PYTHONPATH} /usr/bin/cmake /home/legacy/trr_robot_ws/src/ros2_controllers/joint_state_broadcaster -DAMENT_CMAKE_SYMLINK_INSTALL=1 -DCMAKE_INSTALL_PREFIX=/home/legacy/trr_robot_ws/install/joint_state_broadcaster
[0.546s] -- The C compiler identification is GNU 9.3.0
[0.546s] -- The CXX compiler identification is GNU 9.3.0
[0.546s] -- Check for working C compiler: /usr/bin/cc
[0.546s] -- Check for working C compiler: /usr/bin/cc -- works
[0.546s] -- Detecting C compiler ABI info
[0.547s] -- Detecting C compiler ABI info - done
[0.564s] -- Detecting C compile features
[0.564s] -- Detecting C compile features - done
[0.564s] -- Check for working CXX compiler: /usr/bin/c++
[0.761s] -- Check for working CXX compiler: /usr/bin/c++ -- works
[0.763s] -- Detecting CXX compiler ABI info
[0.944s] -- Detecting CXX compiler ABI info - done
[0.976s] -- Detecting CXX compile features
[0.977s] -- Detecting CXX compile features - done
[0.979s] -- Found ament_cmake: 0.9.8 (/opt/ros/foxy/share/ament_cmake/cmake)
[1.030s] -- Found PythonInterp: /usr/bin/python3 (found suitable version "3.8.10", minimum required is "3") 
[1.031s] -- Using PYTHON_EXECUTABLE: /usr/bin/python3
[1.416s] -- Override CMake install command with custom implementation using symlinks instead of copying resources
[1.472s] -- Found control_msgs: 2.5.1 (/opt/ros/foxy/share/control_msgs/cmake)
[1.546s] -- Using all available rosidl_typesupport_c: rosidl_typesupport_fastrtps_c;rosidl_typesupport_introspection_c
[1.564s] -- Found rosidl_adapter: 1.2.1 (/opt/ros/foxy/share/rosidl_adapter/cmake)
[1.681s] -- Found OpenSSL: /home/linuxbrew/.linuxbrew/Cellar/openssl@1.1/1.1.1k/lib/libcrypto.so (found version "1.1.1k")  
[1.744s] -- Found FastRTPS: /opt/ros/foxy/include  
[1.912s] -- Using all available rosidl_typesupport_cpp: rosidl_typesupport_fastrtps_cpp;rosidl_typesupport_introspection_cpp
[2.577s] -- Found controller_interface: 1.2.0 (/home/legacy/trr_robot_ws/install/controller_interface/share/controller_interface/cmake)
[2.745s] -- Found rmw_implementation_cmake: 1.0.3 (/opt/ros/foxy/share/rmw_implementation_cmake/cmake)
[2.748s] -- Using RMW implementation 'rmw_fastrtps_cpp' as default
[2.749s] -- Looking for pthread.h
[2.865s] -- Looking for pthread.h - found
[2.865s] -- Performing Test CMAKE_HAVE_LIBC_PTHREAD
[2.990s] -- Performing Test CMAKE_HAVE_LIBC_PTHREAD - Failed
[2.990s] -- Looking for pthread_create in pthreads
[3.073s] -- Looking for pthread_create in pthreads - not found
[3.073s] -- Looking for pthread_create in pthread
[3.185s] -- Looking for pthread_create in pthread - found
[3.186s] -- Found Threads: TRUE  
[3.831s] -- Found ament_cmake_gmock: 0.9.8 (/opt/ros/foxy/share/ament_cmake_gmock/cmake)
[3.835s] -- Found controller_manager: 0.8.1 (/opt/ros/foxy/share/controller_manager/cmake)
[3.940s] -- Found ros2_control_test_assets: 1.2.0 (/home/legacy/trr_robot_ws/install/ros2_control_test_assets/share/ros2_control_test_assets/cmake)
[3.944s] -- Found gmock sources under '/opt/ros/foxy/src/gmock_vendor': C++ tests using 'Google Mock' will be built
[3.950s] -- Found ament_cmake_gtest: 0.9.8 (/opt/ros/foxy/share/ament_cmake_gtest/cmake)
[3.951s] -- Found gtest sources under '/opt/ros/foxy/src/gtest_vendor': C++ tests using 'Google Test' will be built
[4.272s] -- Configuring done
[4.404s] -- Generating done
[4.407s] -- Build files have been written to: /home/legacy/trr_robot_ws/build/joint_state_broadcaster
[4.431s] Invoked command in '/home/legacy/trr_robot_ws/build/joint_state_broadcaster' returned '0': AMENT_PREFIX_PATH=/home/legacy/trr_robot_ws/install/controller_interface:/home/legacy/trr_robot_ws/install/hardware_interface:/home/legacy/trr_robot_ws/install/ros2_control_test_assets:/home/legacy/trr_robot_ws/install/controller_manager_msgs:${AMENT_PREFIX_PATH} CMAKE_PREFIX_PATH=/home/legacy/trr_robot_ws/install/controller_interface:/home/legacy/trr_robot_ws/install/hardware_interface:/home/legacy/trr_robot_ws/install/ros2_control_test_assets:/home/legacy/trr_robot_ws/install/controller_manager_msgs:/opt/ros/foxy LD_LIBRARY_PATH=/home/legacy/trr_robot_ws/install/controller_interface/lib:/home/legacy/trr_robot_ws/install/hardware_interface/lib:/home/legacy/trr_robot_ws/install/controller_manager_msgs/lib:${LD_LIBRARY_PATH} PYTHONPATH=/home/legacy/trr_robot_ws/install/controller_manager_msgs/lib/python3.8/site-packages:${PYTHONPATH} /usr/bin/cmake /home/legacy/trr_robot_ws/src/ros2_controllers/joint_state_broadcaster -DAMENT_CMAKE_SYMLINK_INSTALL=1 -DCMAKE_INSTALL_PREFIX=/home/legacy/trr_robot_ws/install/joint_state_broadcaster
[4.432s] Invoking command in '/home/legacy/trr_robot_ws/build/joint_state_broadcaster': AMENT_PREFIX_PATH=/home/legacy/trr_robot_ws/install/controller_interface:/home/legacy/trr_robot_ws/install/hardware_interface:/home/legacy/trr_robot_ws/install/ros2_control_test_assets:/home/legacy/trr_robot_ws/install/controller_manager_msgs:${AMENT_PREFIX_PATH} CMAKE_PREFIX_PATH=/home/legacy/trr_robot_ws/install/controller_interface:/home/legacy/trr_robot_ws/install/hardware_interface:/home/legacy/trr_robot_ws/install/ros2_control_test_assets:/home/legacy/trr_robot_ws/install/controller_manager_msgs:/opt/ros/foxy LD_LIBRARY_PATH=/home/legacy/trr_robot_ws/install/controller_interface/lib:/home/legacy/trr_robot_ws/install/hardware_interface/lib:/home/legacy/trr_robot_ws/install/controller_manager_msgs/lib:${LD_LIBRARY_PATH} PYTHONPATH=/home/legacy/trr_robot_ws/install/controller_manager_msgs/lib/python3.8/site-packages:${PYTHONPATH} /usr/bin/cmake --build /home/legacy/trr_robot_ws/build/joint_state_broadcaster -- -j8 -l8
[5.758s] [35m[1mScanning dependencies of target gmock[0m
[5.759s] [35m[1mScanning dependencies of target joint_state_broadcaster[0m
[5.759s] [35m[1mScanning dependencies of target gmock_main[0m
[5.759s] [  9%] [32mBuilding CXX object gmock/CMakeFiles/gmock_main.dir/src/gmock_main.cc.o[0m
[5.759s] [ 18%] [32mBuilding CXX object gmock/CMakeFiles/gmock.dir/opt/ros/foxy/src/gtest_vendor/src/gtest-all.cc.o[0m
[5.759s] [ 27%] [32mBuilding CXX object gmock/CMakeFiles/gmock.dir/src/gmock-all.cc.o[0m
[5.759s] [ 36%] [32mBuilding CXX object CMakeFiles/joint_state_broadcaster.dir/src/joint_state_broadcaster.cpp.o[0m
[7.993s] [ 45%] [32m[1mLinking CXX static library libgmock_main.a[0m
[8.392s] [ 45%] Built target gmock_main
[23.820s] [ 54%] [32m[1mLinking CXX static library libgmock.a[0m
[24.155s] [ 54%] Built target gmock
[24.232s] [35m[1mScanning dependencies of target test_load_joint_state_broadcaster[0m
[24.557s] [ 63%] [32mBuilding CXX object CMakeFiles/test_load_joint_state_broadcaster.dir/test/test_load_joint_state_broadcaster.cpp.o[0m
[27.229s] [ 72%] [32m[1mLinking CXX shared library libjoint_state_broadcaster.so[0m
[28.581s] [ 72%] Built target joint_state_broadcaster
[28.689s] [35m[1mScanning dependencies of target test_joint_state_broadcaster[0m
[28.933s] [ 81%] [32mBuilding CXX object CMakeFiles/test_joint_state_broadcaster.dir/test/test_joint_state_broadcaster.cpp.o[0m
[36.643s] [ 90%] [32m[1mLinking CXX executable test_load_joint_state_broadcaster[0m
[38.161s] /home/linuxbrew/.linuxbrew/bin/ld: /opt/ros/foxy/lib/libcontroller_manager.so: undefined reference to `controller_interface::ControllerInterface::get_current_state() const'
[38.161s] collect2: error: ld returned 1 exit status
[38.164s] make[2]: *** [CMakeFiles/test_load_joint_state_broadcaster.dir/build.make:218: test_load_joint_state_broadcaster] Error 1
[38.164s] make[1]: *** [CMakeFiles/Makefile2:126: CMakeFiles/test_load_joint_state_broadcaster.dir/all] Error 2
[38.164s] make[1]: *** Waiting for unfinished jobs....
[47.391s] [100%] [32m[1mLinking CXX executable test_joint_state_broadcaster[0m
[47.983s] [100%] Built target test_joint_state_broadcaster
[47.984s] make: *** [Makefile:141: all] Error 2
