[0.024s] Invoking command in '/home/legacy/trr_robot_ws/build/transmission_interface': AMENT_PREFIX_PATH=/home/legacy/trr_robot_ws/install/hardware_interface:${AMENT_PREFIX_PATH} CMAKE_PREFIX_PATH=/home/legacy/trr_robot_ws/install/hardware_interface:/opt/ros/foxy LD_LIBRARY_PATH=/home/legacy/trr_robot_ws/install/hardware_interface/lib:${LD_LIBRARY_PATH} /usr/bin/cmake /home/legacy/trr_robot_ws/src/ros2_control/transmission_interface -DAMENT_CMAKE_SYMLINK_INSTALL=1 -DCMAKE_INSTALL_PREFIX=/home/legacy/trr_robot_ws/install/transmission_interface
[0.093s] -- The C compiler identification is GNU 9.3.0
[0.165s] -- The CXX compiler identification is GNU 9.3.0
[0.171s] -- Check for working C compiler: /usr/bin/cc
[0.254s] -- Check for working C compiler: /usr/bin/cc -- works
[0.255s] -- Detecting C compiler ABI info
[0.339s] -- Detecting C compiler ABI info - done
[0.353s] -- Detecting C compile features
[0.354s] -- Detecting C compile features - done
[0.356s] -- Check for working CXX compiler: /usr/bin/c++
[0.456s] -- Check for working CXX compiler: /usr/bin/c++ -- works
[0.457s] -- Detecting CXX compiler ABI info
[0.557s] -- Detecting CXX compiler ABI info - done
[0.571s] -- Detecting CXX compile features
[0.572s] -- Detecting CXX compile features - done
[0.575s] -- Found ament_cmake: 0.9.8 (/opt/ros/foxy/share/ament_cmake/cmake)
[0.603s] -- Found PythonInterp: /usr/bin/python3 (found suitable version "3.8.10", minimum required is "3") 
[0.603s] -- Using PYTHON_EXECUTABLE: /usr/bin/python3
[0.831s] -- Override CMake install command with custom implementation using symlinks instead of copying resources
[0.863s] -- Found hardware_interface: 1.2.0 (/home/legacy/trr_robot_ws/install/hardware_interface/share/hardware_interface/cmake)
[0.906s] -- Using all available rosidl_typesupport_c: rosidl_typesupport_fastrtps_c;rosidl_typesupport_introspection_c
[0.915s] -- Found rosidl_adapter: 1.2.1 (/opt/ros/foxy/share/rosidl_adapter/cmake)
[0.987s] -- Found OpenSSL: /home/linuxbrew/.linuxbrew/Cellar/openssl@1.1/1.1.1k/lib/libcrypto.so (found version "1.1.1k")  
[1.025s] -- Found FastRTPS: /opt/ros/foxy/include  
[1.119s] -- Using all available rosidl_typesupport_cpp: rosidl_typesupport_fastrtps_cpp;rosidl_typesupport_introspection_cpp
[2.020s] -- Found ament_cmake_gmock: 0.9.8 (/opt/ros/foxy/share/ament_cmake_gmock/cmake)
[2.036s] -- Found ament_lint_auto: 0.9.6 (/opt/ros/foxy/share/ament_lint_auto/cmake)
[2.211s] -- Found gmock sources under '/opt/ros/foxy/src/gmock_vendor': C++ tests using 'Google Mock' will be built
[2.221s] -- Found ament_cmake_gtest: 0.9.8 (/opt/ros/foxy/share/ament_cmake_gtest/cmake)
[2.223s] -- Found gtest sources under '/opt/ros/foxy/src/gtest_vendor': C++ tests using 'Google Test' will be built
[2.328s] -- Added test 'copyright' to check source files copyright and LICENSE
[2.331s] -- Added test 'cppcheck' to perform static code analysis on C / C++ code
[2.332s] -- Configured cppcheck include dirs: /home/legacy/trr_robot_ws/src/ros2_control/transmission_interface/include;/home/legacy/trr_robot_ws/src/ros2_control/transmission_interface/hardware_interface
[2.333s] -- Configured cppcheck exclude dirs and/or files: 
[2.334s] -- Added test 'lint_cmake' to check CMake code style
[2.336s] -- Added test 'xmllint' to check XML markup files
[2.345s] -- Configuring done
[2.412s] -- Generating done
[2.415s] -- Build files have been written to: /home/legacy/trr_robot_ws/build/transmission_interface
[2.427s] Invoked command in '/home/legacy/trr_robot_ws/build/transmission_interface' returned '0': AMENT_PREFIX_PATH=/home/legacy/trr_robot_ws/install/hardware_interface:${AMENT_PREFIX_PATH} CMAKE_PREFIX_PATH=/home/legacy/trr_robot_ws/install/hardware_interface:/opt/ros/foxy LD_LIBRARY_PATH=/home/legacy/trr_robot_ws/install/hardware_interface/lib:${LD_LIBRARY_PATH} /usr/bin/cmake /home/legacy/trr_robot_ws/src/ros2_control/transmission_interface -DAMENT_CMAKE_SYMLINK_INSTALL=1 -DCMAKE_INSTALL_PREFIX=/home/legacy/trr_robot_ws/install/transmission_interface
[2.432s] Invoking command in '/home/legacy/trr_robot_ws/build/transmission_interface': AMENT_PREFIX_PATH=/home/legacy/trr_robot_ws/install/hardware_interface:${AMENT_PREFIX_PATH} CMAKE_PREFIX_PATH=/home/legacy/trr_robot_ws/install/hardware_interface:/opt/ros/foxy LD_LIBRARY_PATH=/home/legacy/trr_robot_ws/install/hardware_interface/lib:${LD_LIBRARY_PATH} /usr/bin/cmake --build /home/legacy/trr_robot_ws/build/transmission_interface -- -j8 -l8
[2.506s] [35m[1mScanning dependencies of target gmock[0m
[2.506s] [35m[1mScanning dependencies of target gmock_main[0m
[2.543s] [  9%] [32mBuilding CXX object gmock/CMakeFiles/gmock_main.dir/src/gmock_main.cc.o[0m
[2.544s] [ 18%] [32mBuilding CXX object gmock/CMakeFiles/gmock.dir/src/gmock-all.cc.o[0m
[2.546s] [ 27%] [32mBuilding CXX object gmock/CMakeFiles/gmock.dir/opt/ros/foxy/src/gtest_vendor/src/gtest-all.cc.o[0m
[4.583s] [ 36%] [32m[1mLinking CXX static library libgmock_main.a[0m
[4.800s] [ 36%] Built target gmock_main
[13.146s] [ 45%] [32m[1mLinking CXX static library libgmock.a[0m
[13.286s] [ 45%] Built target gmock
[13.317s] [35m[1mScanning dependencies of target test_differential_transmission[0m
[13.318s] [35m[1mScanning dependencies of target test_simple_transmission[0m
[13.349s] [35m[1mScanning dependencies of target test_four_bar_linkage_transmission[0m
[13.390s] [ 54%] [32mBuilding CXX object CMakeFiles/test_simple_transmission.dir/test/simple_transmission_test.cpp.o[0m
[13.398s] [ 63%] [32mBuilding CXX object CMakeFiles/test_differential_transmission.dir/test/differential_transmission_test.cpp.o[0m
[13.422s] [ 72%] [32mBuilding CXX object CMakeFiles/test_four_bar_linkage_transmission.dir/test/four_bar_linkage_transmission_test.cpp.o[0m
[15.122s] [01m[K/home/legacy/trr_robot_ws/src/ros2_control/transmission_interface/test/simple_transmission_test.cpp:162:25:[m[K [01;31m[Kerror: [m[Kexpected constructor, destructor, or type conversion before â€˜[01m[K([m[Kâ€™ token
[15.122s]   162 | INSTANTIATE_TEST_SUITE_P[01;31m[K([m[K
[15.122s]       |                         [01;31m[K^[m[K
[15.584s] make[2]: *** [CMakeFiles/test_simple_transmission.dir/build.make:63: CMakeFiles/test_simple_transmission.dir/test/simple_transmission_test.cpp.o] Error 1
[15.585s] make[1]: *** [CMakeFiles/Makefile2:182: CMakeFiles/test_simple_transmission.dir/all] Error 2
[15.585s] make[1]: *** Waiting for unfinished jobs....
[17.121s] [ 81%] [32m[1mLinking CXX executable test_differential_transmission[0m
[17.581s] [ 81%] Built target test_differential_transmission
[17.706s] [ 90%] [32m[1mLinking CXX executable test_four_bar_linkage_transmission[0m
[18.142s] [ 90%] Built target test_four_bar_linkage_transmission
[18.144s] make: *** [Makefile:141: all] Error 2
[18.147s] Invoked command in '/home/legacy/trr_robot_ws/build/transmission_interface' returned '2': AMENT_PREFIX_PATH=/home/legacy/trr_robot_ws/install/hardware_interface:${AMENT_PREFIX_PATH} CMAKE_PREFIX_PATH=/home/legacy/trr_robot_ws/install/hardware_interface:/opt/ros/foxy LD_LIBRARY_PATH=/home/legacy/trr_robot_ws/install/hardware_interface/lib:${LD_LIBRARY_PATH} /usr/bin/cmake --build /home/legacy/trr_robot_ws/build/transmission_interface -- -j8 -l8
