[0.017s] Invoking command in '/home/legacy/trr_robot_ws/build/controller_manager': CMAKE_PREFIX_PATH=/home/legacy/trr_robot_ws/install/controller_interface:/home/legacy/trr_robot_ws/install/hardware_interface:/home/legacy/trr_robot_ws/install/ros2_control_test_assets:/home/legacy/trr_robot_ws/install/controller_manager_msgs:/home/legacy/trr_robot_ws/install/rrbot_description:/home/legacy/trr_robot_ws/install/ros2_control_demo_hardware:/home/legacy/trr_robot_ws/install/diffbot_description:/home/legacy/trr_robot_ws/install/ros2controlcli:/home/legacy/trr_robot_ws/install/ros2_control_test_nodes:/home/legacy/trr_robot_ws/install/robot:/opt/ros/foxy LD_LIBRARY_PATH=/home/legacy/trr_robot_ws/install/controller_interface/lib:/home/legacy/trr_robot_ws/install/hardware_interface/lib:/home/legacy/trr_robot_ws/install/controller_manager_msgs/lib:/home/legacy/trr_robot_ws/install/ros2_control_demo_hardware/lib:/usr/lib/x86_64-linux-gnu/gazebo-11/plugins:/opt/ros/foxy/opt/yaml_cpp_vendor/lib:/opt/ros/foxy/opt/rviz_ogre_vendor/lib:/opt/ros/foxy/lib/x86_64-linux-gnu:/opt/ros/foxy/lib PYTHONPATH=/home/legacy/trr_robot_ws/install/controller_manager_msgs/lib/python3.8/site-packages:/home/legacy/trr_robot_ws/build/ros2controlcli:/home/legacy/trr_robot_ws/install/ros2controlcli/lib/python3.8/site-packages:/home/legacy/trr_robot_ws/build/ros2_control_test_nodes:/home/legacy/trr_robot_ws/install/ros2_control_test_nodes/lib/python3.8/site-packages:/home/legacy/trr_robot_ws/build/robot:/home/legacy/trr_robot_ws/install/robot/lib/python3.8/site-packages:/opt/ros/foxy/lib/python3.8/site-packages /usr/bin/cmake --build /home/legacy/trr_robot_ws/build/controller_manager -- -j8 -l8
[0.046s] -- Found ament_cmake: 0.9.8 (/opt/ros/foxy/share/ament_cmake/cmake)
[0.076s] -- Using PYTHON_EXECUTABLE: /usr/bin/python3
[0.276s] -- Override CMake install command with custom implementation using symlinks instead of copying resources
[0.284s] -- Found ament_index_cpp: 1.1.0 (/opt/ros/foxy/share/ament_index_cpp/cmake)
[0.286s] -- Found controller_interface: 1.2.0 (/home/legacy/trr_robot_ws/install/controller_interface/share/controller_interface/cmake)
[0.314s] -- Using all available rosidl_typesupport_c: rosidl_typesupport_fastrtps_c;rosidl_typesupport_introspection_c
[0.317s] -- Found rosidl_adapter: 1.2.1 (/opt/ros/foxy/share/rosidl_adapter/cmake)
[0.452s] -- Using all available rosidl_typesupport_cpp: rosidl_typesupport_fastrtps_cpp;rosidl_typesupport_introspection_cpp
[1.024s] -- Found rmw_implementation_cmake: 1.0.3 (/opt/ros/foxy/share/rmw_implementation_cmake/cmake)
[1.025s] -- Using RMW implementation 'rmw_fastrtps_cpp' as default
[1.280s] -- Found controller_manager_msgs: 1.2.0 (/home/legacy/trr_robot_ws/install/controller_manager_msgs/share/controller_manager_msgs/cmake)
[1.394s] -- Found ament_cmake_gmock: 0.9.8 (/opt/ros/foxy/share/ament_cmake_gmock/cmake)
[1.394s] -- Found ament_cmake_gtest: 0.9.8 (/opt/ros/foxy/share/ament_cmake_gtest/cmake)
[1.395s] -- Found ament_lint_auto: 0.9.6 (/opt/ros/foxy/share/ament_lint_auto/cmake)
[1.396s] -- Found ros2_control_test_assets: 1.2.0 (/home/legacy/trr_robot_ws/install/ros2_control_test_assets/share/ros2_control_test_assets/cmake)
[1.458s] -- Found gmock sources under '/opt/ros/foxy/src/gmock_vendor': C++ tests using 'Google Mock' will be built
[1.459s] -- Found gtest sources under '/opt/ros/foxy/src/gtest_vendor': C++ tests using 'Google Test' will be built
[1.475s] -- Added test 'copyright' to check source files copyright and LICENSE
[1.477s] -- Added test 'cppcheck' to perform static code analysis on C / C++ code
[1.477s] -- Configured cppcheck include dirs: /home/legacy/trr_robot_ws/src/ros2_control/controller_manager/include
[1.478s] -- Configured cppcheck exclude dirs and/or files: 
[1.478s] -- Added test 'flake8' to check Python code syntax and style conventions
[1.479s] -- Added test 'lint_cmake' to check CMake code style
[1.479s] -- Added test 'pep257' to check Python code against some of the style conventions in PEP 257
[1.480s] -- Added test 'xmllint' to check XML markup files
[1.485s] -- Configuring done
[1.670s] -- Generating done
[1.673s] -- Build files have been written to: /home/legacy/trr_robot_ws/build/controller_manager
[1.703s] [35m[1mScanning dependencies of target controller_manager[0m
[1.714s] [ 16%] Built target gmock_main
[1.714s] [ 20%] Built target gmock
[1.739s] [ 24%] [32mBuilding CXX object CMakeFiles/controller_manager.dir/src/controller_manager.cpp.o[0m
[3.228s] In file included from [01m[K/home/legacy/trr_robot_ws/src/ros2_control/controller_manager/src/controller_manager.cpp:15[m[K:
[3.228s] [01m[K/home/legacy/trr_robot_ws/src/ros2_control/controller_manager/include/controller_manager/controller_manager.hpp:131:58:[m[K [01;31m[Kerror: [m[Kâ€˜[01m[Kfrom_nanoseconds[m[Kâ€™ is not a member of â€˜[01m[Krclcpp::Duration[m[Kâ€™
[3.228s]   131 |     const rclcpp::Duration & timeout = rclcpp::Duration::[01;31m[Kfrom_nanoseconds[m[K(kInfiniteTimeout));
[3.228s]       |                                                          [01;31m[K^~~~~~~~~~~~~~~~[m[K
[3.425s] In file included from [01m[K/opt/ros/foxy/include/rclcpp/node.hpp:1221[m[K,
[3.425s]                  from [01m[K/opt/ros/foxy/include/rclcpp/executors/single_threaded_executor.hpp:28[m[K,
[3.426s]                  from [01m[K/opt/ros/foxy/include/rclcpp/executors.hpp:22[m[K,
[3.426s]                  from [01m[K/opt/ros/foxy/include/rclcpp/rclcpp.hpp:146[m[K,
[3.426s]                  from [01m[K/home/legacy/trr_robot_ws/install/controller_interface/include/controller_interface/controller_interface.hpp:28[m[K,
[3.426s]                  from [01m[K/home/legacy/trr_robot_ws/src/ros2_control/controller_manager/include/controller_manager/controller_manager.hpp:23[m[K,
[3.426s]                  from [01m[K/home/legacy/trr_robot_ws/src/ros2_control/controller_manager/src/controller_manager.cpp:15[m[K:
[3.426s] /opt/ros/foxy/include/rclcpp/node_impl.hpp: In instantiation of â€˜[01m[Kauto rclcpp::Node::declare_parameter(const string&, const ParameterT&, const ParameterDescriptor&, bool) [with ParameterT = rclcpp::ParameterType; std::string = std::__cxx11::basic_string<char>; rcl_interfaces::msg::ParameterDescriptor = rcl_interfaces::msg::ParameterDescriptor_<std::allocator<void> >][m[Kâ€™:
[3.426s] [01m[K/home/legacy/trr_robot_ws/src/ros2_control/controller_manager/src/controller_manager.cpp:206:74:[m[K   required from here
[3.426s] [01m[K/opt/ros/foxy/include/rclcpp/node_impl.hpp:169:23:[m[K [01;31m[Kerror: [m[Kno matching function for call to â€˜[01m[Krclcpp::ParameterValue::get<rclcpp::ParameterType>() const[m[Kâ€™
[3.426s]   169 |     ).get<ParameterT>([01;31m[K)[m[K;
[3.426s]       |                       [01;31m[K^[m[K
[3.426s] In file included from [01m[K/opt/ros/foxy/include/rclcpp/parameter.hpp:26[m[K,
[3.426s]                  from [01m[K/opt/ros/foxy/include/rclcpp/node_interfaces/node_parameters_interface.hpp:28[m[K,
[3.427s]                  from [01m[K/opt/ros/foxy/include/rclcpp/node.hpp:51[m[K,
[3.427s]                  from [01m[K/opt/ros/foxy/include/rclcpp/executors/single_threaded_executor.hpp:28[m[K,
[3.427s]                  from [01m[K/opt/ros/foxy/include/rclcpp/executors.hpp:22[m[K,
[3.427s]                  from [01m[K/opt/ros/foxy/include/rclcpp/rclcpp.hpp:146[m[K,
[3.427s]                  from [01m[K/home/legacy/trr_robot_ws/install/controller_interface/include/controller_interface/controller_interface.hpp:28[m[K,
[3.427s]                  from [01m[K/home/legacy/trr_robot_ws/src/ros2_control/controller_manager/include/controller_manager/controller_manager.hpp:23[m[K,
[3.427s]                  from [01m[K/home/legacy/trr_robot_ws/src/ros2_control/controller_manager/src/controller_manager.cpp:15[m[K:
[3.427s] [01m[K/opt/ros/foxy/include/rclcpp/parameter_value.hpp:148:3:[m[K [01;36m[Knote: [m[Kcandidate: â€˜[01m[Ktemplate<rclcpp::ParameterType type> constexpr typename std::enable_if<(type == rclcpp::PARAMETER_BOOL), const bool&>::type rclcpp::ParameterValue::get() const[m[Kâ€™
[3.427s]   148 |   [01;36m[Kget[m[K() const
[3.427s]       |   [01;36m[K^~~[m[K
[3.427s] [01m[K/opt/ros/foxy/include/rclcpp/parameter_value.hpp:148:3:[m[K [01;36m[Knote: [m[K  template argument deduction/substitution failed:
[3.427s] [01m[K/opt/ros/foxy/include/rclcpp/parameter_value.hpp:159:3:[m[K [01;36m[Knote: [m[Kcandidate: â€˜[01m[Ktemplate<rclcpp::ParameterType type> constexpr typename std::enable_if<(type == rclcpp::PARAMETER_INTEGER), const long int&>::type rclcpp::ParameterValue::get() const[m[Kâ€™
[3.428s]   159 |   [01;36m[Kget[m[K() const
[3.428s]       |   [01;36m[K^~~[m[K
[3.428s] [01m[K/opt/ros/foxy/include/rclcpp/parameter_value.hpp:159:3:[m[K [01;36m[Knote: [m[K  template argument deduction/substitution failed:
[3.428s] [01m[K/opt/ros/foxy/include/rclcpp/parameter_value.hpp:170:3:[m[K [01;36m[Knote: [m[Kcandidate: â€˜[01m[Ktemplate<rclcpp::ParameterType type> constexpr typename std::enable_if<(type == rclcpp::PARAMETER_DOUBLE), const double&>::type rclcpp::ParameterValue::get() const[m[Kâ€™
[3.428s]   170 |   [01;36m[Kget[m[K() const
[3.428s]       |   [01;36m[K^~~[m[K
[3.428s] [01m[K/opt/ros/foxy/include/rclcpp/parameter_value.hpp:170:3:[m[K [01;36m[Knote: [m[K  template argument deduction/substitution failed:
[3.428s] [01m[K/opt/ros/foxy/include/rclcpp/parameter_value.hpp:181:3:[m[K [01;36m[Knote: [m[Kcandidate: â€˜[01m[Ktemplate<rclcpp::ParameterType type> constexpr typename std::enable_if<(type == rclcpp::PARAMETER_STRING), const std::__cxx11::basic_string<char>&>::type rclcpp::ParameterValue::get() const[m[Kâ€™
[3.428s]   181 |   [01;36m[Kget[m[K() const
[3.428s]       |   [01;36m[K^~~[m[K
[3.428s] [01m[K/opt/ros/foxy/include/rclcpp/parameter_value.hpp:181:3:[m[K [01;36m[Knote: [m[K  template argument deduction/substitution failed:
[3.428s] [01m[K/opt/ros/foxy/include/rclcpp/parameter_value.hpp:193:3:[m[K [01;36m[Knote: [m[Kcandidate: â€˜[01m[Ktemplate<rclcpp::ParameterType type> constexpr typename std::enable_if<(type == rclcpp::PARAMETER_BYTE_ARRAY), const std::vector<unsigned char, std::allocator<unsigned char> >&>::type rclcpp::ParameterValue::get() const[m[Kâ€™
[3.428s]   193 |   [01;36m[Kget[m[K() const
[3.428s]       |   [01;36m[K^~~[m[K
[3.428s] [01m[K/opt/ros/foxy/include/rclcpp/parameter_value.hpp:193:3:[m[K [01;36m[Knote: [m[K  template argument deduction/substitution failed:
[3.429s] [01m[K/opt/ros/foxy/include/rclcpp/parameter_value.hpp:205:3:[m[K [01;36m[Knote: [m[Kcandidate: â€˜[01m[Ktemplate<rclcpp::ParameterType type> constexpr typename std::enable_if<(type == rclcpp::PARAMETER_BOOL_ARRAY), const std::vector<bool, std::allocator<bool> >&>::type rclcpp::ParameterValue::get() const[m[Kâ€™
[3.429s]   205 |   [01;36m[Kget[m[K() const
[3.429s]       |   [01;36m[K^~~[m[K
[3.429s] [01m[K/opt/ros/foxy/include/rclcpp/parameter_value.hpp:205:3:[m[K [01;36m[Knote: [m[K  template argument deduction/substitution failed:
[3.429s] [01m[K/opt/ros/foxy/include/rclcpp/parameter_value.hpp:217:3:[m[K [01;36m[Knote: [m[Kcandidate: â€˜[01m[Ktemplate<rclcpp::ParameterType type> constexpr typename std::enable_if<(type == rclcpp::PARAMETER_INTEGER_ARRAY), const std::vector<long int, std::allocator<long int> >&>::type rclcpp::ParameterValue::get() const[m[Kâ€™
[3.429s]   217 |   [01;36m[Kget[m[K() const
[3.429s]       |   [01;36m[K^~~[m[K
[3.429s] [01m[K/opt/ros/foxy/include/rclcpp/parameter_value.hpp:217:3:[m[K [01;36m[Knote: [m[K  template argument deduction/substitution failed:
[3.429s] [01m[K/opt/ros/foxy/include/rclcpp/parameter_value.hpp:229:3:[m[K [01;36m[Knote: [m[Kcandidate: â€˜[01m[Ktemplate<rclcpp::ParameterType type> constexpr typename std::enable_if<(type == rclcpp::PARAMETER_DOUBLE_ARRAY), const std::vector<double, std::allocator<double> >&>::type rclcpp::ParameterValue::get() const[m[Kâ€™
[3.429s]   229 |   [01;36m[Kget[m[K() const
[3.429s]       |   [01;36m[K^~~[m[K
[3.429s] [01m[K/opt/ros/foxy/include/rclcpp/parameter_value.hpp:229:3:[m[K [01;36m[Knote: [m[K  template argument deduction/substitution failed:
[3.429s] [01m[K/opt/ros/foxy/include/rclcpp/parameter_value.hpp:241:3:[m[K [01;36m[Knote: [m[Kcandidate: â€˜[01m[Ktemplate<rclcpp::ParameterType type> constexpr typename std::enable_if<(type == rclcpp::PARAMETER_STRING_ARRAY), const std::vector<std::__cxx11::basic_string<char> >&>::type rclcpp::ParameterValue::get() const[m[Kâ€™
[3.429s]   241 |   [01;36m[Kget[m[K() const
[3.430s]       |   [01;36m[K^~~[m[K
[3.430s] [01m[K/opt/ros/foxy/include/rclcpp/parameter_value.hpp:241:3:[m[K [01;36m[Knote: [m[K  template argument deduction/substitution failed:
[3.430s] [01m[K/opt/ros/foxy/include/rclcpp/parameter_value.hpp:254:3:[m[K [01;36m[Knote: [m[Kcandidate: â€˜[01m[Ktemplate<class type> constexpr typename std::enable_if<std::is_same<T, bool>::value, const bool&>::type rclcpp::ParameterValue::get() const[m[Kâ€™
[3.430s]   254 |   [01;36m[Kget[m[K() const
[3.430s]       |   [01;36m[K^~~[m[K
[3.430s] [01m[K/opt/ros/foxy/include/rclcpp/parameter_value.hpp:254:3:[m[K [01;36m[Knote: [m[K  template argument deduction/substitution failed:
[3.430s] /opt/ros/foxy/include/rclcpp/parameter_value.hpp: In substitution of â€˜[01m[Ktemplate<class type> constexpr typename std::enable_if<std::is_same<T, bool>::value, const bool&>::type rclcpp::ParameterValue::get() const [with type = rclcpp::ParameterType][m[Kâ€™:
[3.430s] [01m[K/opt/ros/foxy/include/rclcpp/node_impl.hpp:169:23:[m[K   required from â€˜[01m[Kauto rclcpp::Node::declare_parameter(const string&, const ParameterT&, const ParameterDescriptor&, bool) [with ParameterT = rclcpp::ParameterType; std::string = std::__cxx11::basic_string<char>; rcl_interfaces::msg::ParameterDescriptor = rcl_interfaces::msg::ParameterDescriptor_<std::allocator<void> >][m[Kâ€™
[3.430s] [01m[K/home/legacy/trr_robot_ws/src/ros2_control/controller_manager/src/controller_manager.cpp:206:74:[m[K   required from here
[3.430s] [01m[K/opt/ros/foxy/include/rclcpp/parameter_value.hpp:254:3:[m[K [01;31m[Kerror: [m[Kno type named â€˜[01m[Ktype[m[Kâ€™ in â€˜[01m[Kstruct std::enable_if<false, const bool&>[m[Kâ€™
[3.430s] /opt/ros/foxy/include/rclcpp/node_impl.hpp: In instantiation of â€˜[01m[Kauto rclcpp::Node::declare_parameter(const string&, const ParameterT&, const ParameterDescriptor&, bool) [with ParameterT = rclcpp::ParameterType; std::string = std::__cxx11::basic_string<char>; rcl_interfaces::msg::ParameterDescriptor = rcl_interfaces::msg::ParameterDescriptor_<std::allocator<void> >][m[Kâ€™:
[3.430s] [01m[K/home/legacy/trr_robot_ws/src/ros2_control/controller_manager/src/controller_manager.cpp:206:74:[m[K   required from here
[3.430s] [01m[K/opt/ros/foxy/include/rclcpp/parameter_value.hpp:263:3:[m[K [01;36m[Knote: [m[Kcandidate: â€˜[01m[Ktemplate<class type> constexpr typename std::enable_if<(std::is_integral<_Tp>::value && (! std::is_same<T, bool>::value)), const long int&>::type rclcpp::ParameterValue::get() const[m[Kâ€™
[3.430s]   263 |   [01;36m[Kget[m[K() const
[3.430s]       |   [01;36m[K^~~[m[K
[3.431s] [01m[K/opt/ros/foxy/include/rclcpp/parameter_value.hpp:263:3:[m[K [01;36m[Knote: [m[K  template argument deduction/substitution failed:
[3.431s] /opt/ros/foxy/include/rclcpp/parameter_value.hpp: In substitution of â€˜[01m[Ktemplate<class type> constexpr typename std::enable_if<(std::is_integral<_Tp>::value && (! std::is_same<T, bool>::value)), const long int&>::type rclcpp::ParameterValue::get() const [with type = rclcpp::ParameterType][m[Kâ€™:
[3.431s] [01m[K/opt/ros/foxy/include/rclcpp/node_impl.hpp:169:23:[m[K   required from â€˜[01m[Kauto rclcpp::Node::declare_parameter(const string&, const ParameterT&, const ParameterDescriptor&, bool) [with ParameterT = rclcpp::ParameterType; std::string = std::__cxx11::basic_string<char>; rcl_interfaces::msg::ParameterDescriptor = rcl_interfaces::msg::ParameterDescriptor_<std::allocator<void> >][m[Kâ€™
[3.431s] [01m[K/home/legacy/trr_robot_ws/src/ros2_control/controller_manager/src/controller_manager.cpp:206:74:[m[K   required from here
[3.431s] [01m[K/opt/ros/foxy/include/rclcpp/parameter_value.hpp:263:3:[m[K [01;31m[Kerror: [m[Kno type named â€˜[01m[Ktype[m[Kâ€™ in â€˜[01m[Kstruct std::enable_if<false, const long int&>[m[Kâ€™
[3.431s] /opt/ros/foxy/include/rclcpp/node_impl.hpp: In instantiation of â€˜[01m[Kauto rclcpp::Node::declare_parameter(const string&, const ParameterT&, const ParameterDescriptor&, bool) [with ParameterT = rclcpp::ParameterType; std::string = std::__cxx11::basic_string<char>; rcl_interfaces::msg::ParameterDescriptor = rcl_interfaces::msg::ParameterDescriptor_<std::allocator<void> >][m[Kâ€™:
[3.431s] [01m[K/home/legacy/trr_robot_ws/src/ros2_control/controller_manager/src/controller_manager.cpp:206:74:[m[K   required from here
[3.431s] [01m[K/opt/ros/foxy/include/rclcpp/parameter_value.hpp:271:3:[m[K [01;36m[Knote: [m[Kcandidate: â€˜[01m[Ktemplate<class type> constexpr typename std::enable_if<std::is_floating_point<_Tp>::value, const double&>::type rclcpp::ParameterValue::get() const[m[Kâ€™
[3.431s]   271 |   [01;36m[Kget[m[K() const
[3.431s]       |   [01;36m[K^~~[m[K
[3.431s] [01m[K/opt/ros/foxy/include/rclcpp/parameter_value.hpp:271:3:[m[K [01;36m[Knote: [m[K  template argument deduction/substitution failed:
[3.431s] /opt/ros/foxy/include/rclcpp/parameter_value.hpp: In substitution of â€˜[01m[Ktemplate<class type> constexpr typename std::enable_if<std::is_floating_point<_Tp>::value, const double&>::type rclcpp::ParameterValue::get() const [with type = rclcpp::ParameterType][m[Kâ€™:
[3.431s] [01m[K/opt/ros/foxy/include/rclcpp/node_impl.hpp:169:23:[m[K   required from â€˜[01m[Kauto rclcpp::Node::declare_parameter(const string&, const ParameterT&, const ParameterDescriptor&, bool) [with ParameterT = rclcpp::ParameterType; std::string = std::__cxx11::basic_string<char>; rcl_interfaces::msg::ParameterDescriptor = rcl_interfaces::msg::ParameterDescriptor_<std::allocator<void> >][m[Kâ€™
[3.431s] [01m[K/home/legacy/trr_robot_ws/src/ros2_control/controller_manager/src/controller_manager.cpp:206:74:[m[K   required from here
[3.431s] [01m[K/opt/ros/foxy/include/rclcpp/parameter_value.hpp:271:3:[m[K [01;31m[Kerror: [m[Kno type named â€˜[01m[Ktype[m[Kâ€™ in â€˜[01m[Kstruct std::enable_if<false, const double&>[m[Kâ€™
[3.431s] /opt/ros/foxy/include/rclcpp/node_impl.hpp: In instantiation of â€˜[01m[Kauto rclcpp::Node::declare_parameter(const string&, const ParameterT&, const ParameterDescriptor&, bool) [with ParameterT = rclcpp::ParameterType; std::string = std::__cxx11::basic_string<char>; rcl_interfaces::msg::ParameterDescriptor = rcl_interfaces::msg::ParameterDescriptor_<std::allocator<void> >][m[Kâ€™:
[3.432s] [01m[K/home/legacy/trr_robot_ws/src/ros2_control/controller_manager/src/controller_manager.cpp:206:74:[m[K   required from here
[3.432s] [01m[K/opt/ros/foxy/include/rclcpp/parameter_value.hpp:279:3:[m[K [01;36m[Knote: [m[Kcandidate: â€˜[01m[Ktemplate<class type> constexpr typename std::enable_if<std::is_convertible<type, std::__cxx11::basic_string<char> >::value, const std::__cxx11::basic_string<char>&>::type rclcpp::ParameterValue::get() const[m[Kâ€™
[3.432s]   279 |   [01;36m[Kget[m[K() const
[3.432s]       |   [01;36m[K^~~[m[K
[3.432s] [01m[K/opt/ros/foxy/include/rclcpp/parameter_value.hpp:279:3:[m[K [01;36m[Knote: [m[K  template argument deduction/substitution failed:
[3.432s] /opt/ros/foxy/include/rclcpp/parameter_value.hpp: In substitution of â€˜[01m[Ktemplate<class type> constexpr typename std::enable_if<std::is_convertible<type, std::__cxx11::basic_string<char> >::value, const std::__cxx11::basic_string<char>&>::type rclcpp::ParameterValue::get() const [with type = rclcpp::ParameterType][m[Kâ€™:
[3.432s] [01m[K/opt/ros/foxy/include/rclcpp/node_impl.hpp:169:23:[m[K   required from â€˜[01m[Kauto rclcpp::Node::declare_parameter(const string&, const ParameterT&, const ParameterDescriptor&, bool) [with ParameterT = rclcpp::ParameterType; std::string = std::__cxx11::basic_string<char>; rcl_interfaces::msg::ParameterDescriptor = rcl_interfaces::msg::ParameterDescriptor_<std::allocator<void> >][m[Kâ€™
[3.432s] [01m[K/home/legacy/trr_robot_ws/src/ros2_control/controller_manager/src/controller_manager.cpp:206:74:[m[K   required from here
[3.432s] [01m[K/opt/ros/foxy/include/rclcpp/parameter_value.hpp:279:3:[m[K [01;31m[Kerror: [m[Kno type named â€˜[01m[Ktype[m[Kâ€™ in â€˜[01m[Kstruct std::enable_if<false, const std::__cxx11::basic_string<char>&>[m[Kâ€™
[3.432s] /opt/ros/foxy/include/rclcpp/node_impl.hpp: In instantiation of â€˜[01m[Kauto rclcpp::Node::declare_parameter(const string&, const ParameterT&, const ParameterDescriptor&, bool) [with ParameterT = rclcpp::ParameterType; std::string = std::__cxx11::basic_string<char>; rcl_interfaces::msg::ParameterDescriptor = rcl_interfaces::msg::ParameterDescriptor_<std::allocator<void> >][m[Kâ€™:
[3.432s] [01m[K/home/legacy/trr_robot_ws/src/ros2_control/controller_manager/src/controller_manager.cpp:206:74:[m[K   required from here
[3.432s] [01m[K/opt/ros/foxy/include/rclcpp/parameter_value.hpp:289:3:[m[K [01;36m[Knote: [m[Kcandidate: â€˜[01m[Ktemplate<class type> constexpr typename std::enable_if<std::is_convertible<type, const std::vector<unsigned char, std::allocator<unsigned char> >&>::value, const std::vector<unsigned char, std::allocator<unsigned char> >&>::type rclcpp::ParameterValue::get() const[m[Kâ€™
[3.432s]   289 |   [01;36m[Kget[m[K() const
[3.432s]       |   [01;36m[K^~~[m[K
[3.432s] [01m[K/opt/ros/foxy/include/rclcpp/parameter_value.hpp:289:3:[m[K [01;36m[Knote: [m[K  template argument deduction/substitution failed:
[3.432s] /opt/ros/foxy/include/rclcpp/parameter_value.hpp: In substitution of â€˜[01m[Ktemplate<class type> constexpr typename std::enable_if<std::is_convertible<type, const std::vector<unsigned char, std::allocator<unsigned char> >&>::value, const std::vector<unsigned char, std::allocator<unsigned char> >&>::type rclcpp::ParameterValue::get() const [with type = rclcpp::ParameterType][m[Kâ€™:
[3.433s] [01m[K/opt/ros/foxy/include/rclcpp/node_impl.hpp:169:23:[m[K   required from â€˜[01m[Kauto rclcpp::Node::declare_parameter(const string&, const ParameterT&, const ParameterDescriptor&, bool) [with ParameterT = rclcpp::ParameterType; std::string = std::__cxx11::basic_string<char>; rcl_interfaces::msg::ParameterDescriptor = rcl_interfaces::msg::ParameterDescriptor_<std::allocator<void> >][m[Kâ€™
[3.433s] [01m[K/home/legacy/trr_robot_ws/src/ros2_control/controller_manager/src/controller_manager.cpp:206:74:[m[K   required from here
[3.433s] [01m[K/opt/ros/foxy/include/rclcpp/parameter_value.hpp:289:3:[m[K [01;31m[Kerror: [m[Kno type named â€˜[01m[Ktype[m[Kâ€™ in â€˜[01m[Kstruct std::enable_if<false, const std::vector<unsigned char, std::allocator<unsigned char> >&>[m[Kâ€™
[3.433s] /opt/ros/foxy/include/rclcpp/node_impl.hpp: In instantiation of â€˜[01m[Kauto rclcpp::Node::declare_parameter(const string&, const ParameterT&, const ParameterDescriptor&, bool) [with ParameterT = rclcpp::ParameterType; std::string = std::__cxx11::basic_string<char>; rcl_interfaces::msg::ParameterDescriptor = rcl_interfaces::msg::ParameterDescriptor_<std::allocator<void> >][m[Kâ€™:
[3.433s] [01m[K/home/legacy/trr_robot_ws/src/ros2_control/controller_manager/src/controller_manager.cpp:206:74:[m[K   required from here
[3.433s] [01m[K/opt/ros/foxy/include/rclcpp/parameter_value.hpp:299:3:[m[K [01;36m[Knote: [m[Kcandidate: â€˜[01m[Ktemplate<class type> constexpr typename std::enable_if<std::is_convertible<type, const std::vector<bool, std::allocator<bool> >&>::value, const std::vector<bool, std::allocator<bool> >&>::type rclcpp::ParameterValue::get() const[m[Kâ€™
[3.433s]   299 |   [01;36m[Kget[m[K() const
[3.433s]       |   [01;36m[K^~~[m[K
[3.433s] [01m[K/opt/ros/foxy/include/rclcpp/parameter_value.hpp:299:3:[m[K [01;36m[Knote: [m[K  template argument deduction/substitution failed:
[3.433s] /opt/ros/foxy/include/rclcpp/parameter_value.hpp: In substitution of â€˜[01m[Ktemplate<class type> constexpr typename std::enable_if<std::is_convertible<type, const std::vector<bool, std::allocator<bool> >&>::value, const std::vector<bool, std::allocator<bool> >&>::type rclcpp::ParameterValue::get() const [with type = rclcpp::ParameterType][m[Kâ€™:
[3.433s] [01m[K/opt/ros/foxy/include/rclcpp/node_impl.hpp:169:23:[m[K   required from â€˜[01m[Kauto rclcpp::Node::declare_parameter(const string&, const ParameterT&, const ParameterDescriptor&, bool) [with ParameterT = rclcpp::ParameterType; std::string = std::__cxx11::basic_string<char>; rcl_interfaces::msg::ParameterDescriptor = rcl_interfaces::msg::ParameterDescriptor_<std::allocator<void> >][m[Kâ€™
[3.433s] [01m[K/home/legacy/trr_robot_ws/src/ros2_control/controller_manager/src/controller_manager.cpp:206:74:[m[K   required from here
[3.433s] [01m[K/opt/ros/foxy/include/rclcpp/parameter_value.hpp:299:3:[m[K [01;31m[Kerror: [m[Kno type named â€˜[01m[Ktype[m[Kâ€™ in â€˜[01m[Kstruct std::enable_if<false, const std::vector<bool, std::allocator<bool> >&>[m[Kâ€™
[3.433s] /opt/ros/foxy/include/rclcpp/node_impl.hpp: In instantiation of â€˜[01m[Kauto rclcpp::Node::declare_parameter(const string&, const ParameterT&, const ParameterDescriptor&, bool) [with ParameterT = rclcpp::ParameterType; std::string = std::__cxx11::basic_string<char>; rcl_interfaces::msg::ParameterDescriptor = rcl_interfaces::msg::ParameterDescriptor_<std::allocator<void> >][m[Kâ€™:
[3.433s] [01m[K/home/legacy/trr_robot_ws/src/ros2_control/controller_manager/src/controller_manager.cpp:206:74:[m[K   required from here
[3.433s] [01m[K/opt/ros/foxy/include/rclcpp/parameter_value.hpp:309:3:[m[K [01;36m[Knote: [m[Kcandidate: â€˜[01m[Ktemplate<class type> constexpr typename std::enable_if<std::is_convertible<type, const std::vector<long int, std::allocator<long int> >&>::value, const std::vector<long int, std::allocator<long int> >&>::type rclcpp::ParameterValue::get() const[m[Kâ€™
[3.433s]   309 |   [01;36m[Kget[m[K() const
[3.434s]       |   [01;36m[K^~~[m[K
[3.434s] [01m[K/opt/ros/foxy/include/rclcpp/parameter_value.hpp:309:3:[m[K [01;36m[Knote: [m[K  template argument deduction/substitution failed:
[3.434s] /opt/ros/foxy/include/rclcpp/parameter_value.hpp: In substitution of â€˜[01m[Ktemplate<class type> constexpr typename std::enable_if<std::is_convertible<type, const std::vector<long int, std::allocator<long int> >&>::value, const std::vector<long int, std::allocator<long int> >&>::type rclcpp::ParameterValue::get() const [with type = rclcpp::ParameterType][m[Kâ€™:
[3.434s] [01m[K/opt/ros/foxy/include/rclcpp/node_impl.hpp:169:23:[m[K   required from â€˜[01m[Kauto rclcpp::Node::declare_parameter(const string&, const ParameterT&, const ParameterDescriptor&, bool) [with ParameterT = rclcpp::ParameterType; std::string = std::__cxx11::basic_string<char>; rcl_interfaces::msg::ParameterDescriptor = rcl_interfaces::msg::ParameterDescriptor_<std::allocator<void> >][m[Kâ€™
[3.434s] [01m[K/home/legacy/trr_robot_ws/src/ros2_control/controller_manager/src/controller_manager.cpp:206:74:[m[K   required from here
[3.434s] [01m[K/opt/ros/foxy/include/rclcpp/parameter_value.hpp:309:3:[m[K [01;31m[Kerror: [m[Kno type named â€˜[01m[Ktype[m[Kâ€™ in â€˜[01m[Kstruct std::enable_if<false, const std::vector<long int, std::allocator<long int> >&>[m[Kâ€™
[3.434s] /opt/ros/foxy/include/rclcpp/node_impl.hpp: In instantiation of â€˜[01m[Kauto rclcpp::Node::declare_parameter(const string&, const ParameterT&, const ParameterDescriptor&, bool) [with ParameterT = rclcpp::ParameterType; std::string = std::__cxx11::basic_string<char>; rcl_interfaces::msg::ParameterDescriptor = rcl_interfaces::msg::ParameterDescriptor_<std::allocator<void> >][m[Kâ€™:
[3.434s] [01m[K/home/legacy/trr_robot_ws/src/ros2_control/controller_manager/src/controller_manager.cpp:206:74:[m[K   required from here
[3.434s] [01m[K/opt/ros/foxy/include/rclcpp/parameter_value.hpp:319:3:[m[K [01;36m[Knote: [m[Kcandidate: â€˜[01m[Ktemplate<class type> constexpr typename std::enable_if<std::is_convertible<type, const std::vector<double, std::allocator<double> >&>::value, const std::vector<double, std::allocator<double> >&>::type rclcpp::ParameterValue::get() const[m[Kâ€™
[3.434s]   319 |   [01;36m[Kget[m[K() const
[3.434s]       |   [01;36m[K^~~[m[K
[3.434s] [01m[K/opt/ros/foxy/include/rclcpp/parameter_value.hpp:319:3:[m[K [01;36m[Knote: [m[K  template argument deduction/substitution failed:
[3.434s] /opt/ros/foxy/include/rclcpp/parameter_value.hpp: In substitution of â€˜[01m[Ktemplate<class type> constexpr typename std::enable_if<std::is_convertible<type, const std::vector<double, std::allocator<double> >&>::value, const std::vector<double, std::allocator<double> >&>::type rclcpp::ParameterValue::get() const [with type = rclcpp::ParameterType][m[Kâ€™:
[3.434s] [01m[K/opt/ros/foxy/include/rclcpp/node_impl.hpp:169:23:[m[K   required from â€˜[01m[Kauto rclcpp::Node::declare_parameter(const string&, const ParameterT&, const ParameterDescriptor&, bool) [with ParameterT = rclcpp::ParameterType; std::string = std::__cxx11::basic_string<char>; rcl_interfaces::msg::ParameterDescriptor = rcl_interfaces::msg::ParameterDescriptor_<std::allocator<void> >][m[Kâ€™
[3.434s] [01m[K/home/legacy/trr_robot_ws/src/ros2_control/controller_manager/src/controller_manager.cpp:206:74:[m[K   required from here
[3.434s] [01m[K/opt/ros/foxy/include/rclcpp/parameter_value.hpp:319:3:[m[K [01;31m[Kerror: [m[Kno type named â€˜[01m[Ktype[m[Kâ€™ in â€˜[01m[Kstruct std::enable_if<false, const std::vector<double, std::allocator<double> >&>[m[Kâ€™
[3.435s] /opt/ros/foxy/include/rclcpp/node_impl.hpp: In instantiation of â€˜[01m[Kauto rclcpp::Node::declare_parameter(const string&, const ParameterT&, const ParameterDescriptor&, bool) [with ParameterT = rclcpp::ParameterType; std::string = std::__cxx11::basic_string<char>; rcl_interfaces::msg::ParameterDescriptor = rcl_interfaces::msg::ParameterDescriptor_<std::allocator<void> >][m[Kâ€™:
[3.435s] [01m[K/home/legacy/trr_robot_ws/src/ros2_control/controller_manager/src/controller_manager.cpp:206:74:[m[K   required from here
[3.435s] [01m[K/opt/ros/foxy/include/rclcpp/parameter_value.hpp:329:3:[m[K [01;36m[Knote: [m[Kcandidate: â€˜[01m[Ktemplate<class type> constexpr typename std::enable_if<std::is_convertible<type, const std::vector<std::__cxx11::basic_string<char> >&>::value, const std::vector<std::__cxx11::basic_string<char> >&>::type rclcpp::ParameterValue::get() const[m[Kâ€™
[3.435s]   329 |   [01;36m[Kget[m[K() const
[3.435s]       |   [01;36m[K^~~[m[K
[3.435s] [01m[K/opt/ros/foxy/include/rclcpp/parameter_value.hpp:329:3:[m[K [01;36m[Knote: [m[K  template argument deduction/substitution failed:
[3.435s] /opt/ros/foxy/include/rclcpp/parameter_value.hpp: In substitution of â€˜[01m[Ktemplate<class type> constexpr typename std::enable_if<std::is_convertible<type, const std::vector<std::__cxx11::basic_string<char> >&>::value, const std::vector<std::__cxx11::basic_string<char> >&>::type rclcpp::ParameterValue::get() const [with type = rclcpp::ParameterType][m[Kâ€™:
[3.435s] [01m[K/opt/ros/foxy/include/rclcpp/node_impl.hpp:169:23:[m[K   required from â€˜[01m[Kauto rclcpp::Node::declare_parameter(const string&, const ParameterT&, const ParameterDescriptor&, bool) [with ParameterT = rclcpp::ParameterType; std::string = std::__cxx11::basic_string<char>; rcl_interfaces::msg::ParameterDescriptor = rcl_interfaces::msg::ParameterDescriptor_<std::allocator<void> >][m[Kâ€™
[3.435s] [01m[K/home/legacy/trr_robot_ws/src/ros2_control/controller_manager/src/controller_manager.cpp:206:74:[m[K   required from here
[3.435s] [01m[K/opt/ros/foxy/include/rclcpp/parameter_value.hpp:329:3:[m[K [01;31m[Kerror: [m[Kno type named â€˜[01m[Ktype[m[Kâ€™ in â€˜[01m[Kstruct std::enable_if<false, const std::vector<std::__cxx11::basic_string<char> >&>[m[Kâ€™
[3.538s] [01m[K/home/legacy/trr_robot_ws/src/ros2_control/controller_manager/src/controller_manager.cpp:[m[K In member function â€˜[01m[Kvoid controller_manager::ControllerManager::list_hardware_components_srv_cb(std::shared_ptr<controller_manager_msgs::srv::ListHardwareComponents_Request_<std::allocator<void> > >, std::shared_ptr<controller_manager_msgs::srv::ListHardwareComponents_Response_<std::allocator<void> > >)[m[Kâ€™:
[3.539s] [01m[K/home/legacy/trr_robot_ws/src/ros2_control/controller_manager/src/controller_manager.cpp:1152:83:[m[K [01;35m[Kwarning: [m[Kunused parameter â€˜[01m[Kresponse[m[Kâ€™ [[01;35m[K-Wunused-parameter[m[K]
[3.539s]  1152 |   [01;35m[Kstd::shared_ptr<controller_manager_msgs::srv::ListHardwareComponents::Response> response[m[K)
[3.539s]       |   [01;35m[K~~~~~~~~~~~~~~~~~~~~~~~~~~~~~~~~~~~~~~~~~~~~~~~~~~~~~~~~~~~~~~~~~~~~~~~~~~~~~~~~^~~~~~~~[m[K
[3.550s] [01m[K/home/legacy/trr_robot_ws/src/ros2_control/controller_manager/src/controller_manager.cpp:[m[K In member function â€˜[01m[Kvoid controller_manager::ControllerManager::set_hardware_component_state_srv_cb(std::shared_ptr<controller_manager_msgs::srv::SetHardwareComponentState_Request_<std::allocator<void> > >, std::shared_ptr<controller_manager_msgs::srv::SetHardwareComponentState_Response_<std::allocator<void> > >)[m[Kâ€™:
[3.550s] [01m[K/home/legacy/trr_robot_ws/src/ros2_control/controller_manager/src/controller_manager.cpp:1191:86:[m[K [01;35m[Kwarning: [m[Kunused parameter â€˜[01m[Kresponse[m[Kâ€™ [[01;35m[K-Wunused-parameter[m[K]
[3.550s]  1191 |   [01;35m[Kstd::shared_ptr<controller_manager_msgs::srv::SetHardwareComponentState::Response> response[m[K)
[3.550s]       |   [01;35m[K~~~~~~~~~~~~~~~~~~~~~~~~~~~~~~~~~~~~~~~~~~~~~~~~~~~~~~~~~~~~~~~~~~~~~~~~~~~~~~~~~~~^~~~~~~~[m[K
[5.675s] make[2]: *** [CMakeFiles/controller_manager.dir/build.make:63: CMakeFiles/controller_manager.dir/src/controller_manager.cpp.o] Error 1
[5.675s] make[1]: *** [CMakeFiles/Makefile2:193: CMakeFiles/controller_manager.dir/all] Error 2
[5.675s] make: *** [Makefile:141: all] Error 2
[5.677s] Invoked command in '/home/legacy/trr_robot_ws/build/controller_manager' returned '2': CMAKE_PREFIX_PATH=/home/legacy/trr_robot_ws/install/controller_interface:/home/legacy/trr_robot_ws/install/hardware_interface:/home/legacy/trr_robot_ws/install/ros2_control_test_assets:/home/legacy/trr_robot_ws/install/controller_manager_msgs:/home/legacy/trr_robot_ws/install/rrbot_description:/home/legacy/trr_robot_ws/install/ros2_control_demo_hardware:/home/legacy/trr_robot_ws/install/diffbot_description:/home/legacy/trr_robot_ws/install/ros2controlcli:/home/legacy/trr_robot_ws/install/ros2_control_test_nodes:/home/legacy/trr_robot_ws/install/robot:/opt/ros/foxy LD_LIBRARY_PATH=/home/legacy/trr_robot_ws/install/controller_interface/lib:/home/legacy/trr_robot_ws/install/hardware_interface/lib:/home/legacy/trr_robot_ws/install/controller_manager_msgs/lib:/home/legacy/trr_robot_ws/install/ros2_control_demo_hardware/lib:/usr/lib/x86_64-linux-gnu/gazebo-11/plugins:/opt/ros/foxy/opt/yaml_cpp_vendor/lib:/opt/ros/foxy/opt/rviz_ogre_vendor/lib:/opt/ros/foxy/lib/x86_64-linux-gnu:/opt/ros/foxy/lib PYTHONPATH=/home/legacy/trr_robot_ws/install/controller_manager_msgs/lib/python3.8/site-packages:/home/legacy/trr_robot_ws/build/ros2controlcli:/home/legacy/trr_robot_ws/install/ros2controlcli/lib/python3.8/site-packages:/home/legacy/trr_robot_ws/build/ros2_control_test_nodes:/home/legacy/trr_robot_ws/install/ros2_control_test_nodes/lib/python3.8/site-packages:/home/legacy/trr_robot_ws/build/robot:/home/legacy/trr_robot_ws/install/robot/lib/python3.8/site-packages:/opt/ros/foxy/lib/python3.8/site-packages /usr/bin/cmake --build /home/legacy/trr_robot_ws/build/controller_manager -- -j8 -l8
