[0.014s] Invoking command in '/home/legacy/trr_robot_ws/build/controller_manager': AMENT_PREFIX_PATH=/home/legacy/trr_robot_ws/install/controller_interface:/home/legacy/trr_robot_ws/install/hardware_interface:/home/legacy/trr_robot_ws/install/ros2_control_test_assets:/home/legacy/trr_robot_ws/install/controller_manager_msgs:${AMENT_PREFIX_PATH} CMAKE_PREFIX_PATH=/home/legacy/trr_robot_ws/install/controller_interface:/home/legacy/trr_robot_ws/install/hardware_interface:/home/legacy/trr_robot_ws/install/ros2_control_test_assets:/home/legacy/trr_robot_ws/install/controller_manager_msgs:/opt/ros/foxy LD_LIBRARY_PATH=/home/legacy/trr_robot_ws/install/controller_interface/lib:/home/legacy/trr_robot_ws/install/hardware_interface/lib:/home/legacy/trr_robot_ws/install/controller_manager_msgs/lib:${LD_LIBRARY_PATH} PYTHONPATH=/home/legacy/trr_robot_ws/install/controller_manager_msgs/lib/python3.8/site-packages:${PYTHONPATH} /usr/bin/cmake /home/legacy/trr_robot_ws/src/ros2_control/controller_manager -DAMENT_CMAKE_SYMLINK_INSTALL=1 -DCMAKE_INSTALL_PREFIX=/home/legacy/trr_robot_ws/install/controller_manager
[0.070s] -- The C compiler identification is GNU 9.3.0
[0.133s] -- The CXX compiler identification is GNU 9.3.0
[0.138s] -- Check for working C compiler: /usr/bin/cc
[0.205s] -- Check for working C compiler: /usr/bin/cc -- works
[0.205s] -- Detecting C compiler ABI info
[0.273s] -- Detecting C compiler ABI info - done
[0.292s] -- Detecting C compile features
[0.293s] -- Detecting C compile features - done
[0.295s] -- Check for working CXX compiler: /usr/bin/c++
[0.377s] -- Check for working CXX compiler: /usr/bin/c++ -- works
[0.378s] -- Detecting CXX compiler ABI info
[0.461s] -- Detecting CXX compiler ABI info - done
[0.478s] -- Detecting CXX compile features
[0.478s] -- Detecting CXX compile features - done
[0.481s] -- Found ament_cmake: 0.9.8 (/opt/ros/foxy/share/ament_cmake/cmake)
[0.504s] -- Found PythonInterp: /usr/bin/python3 (found suitable version "3.8.10", minimum required is "3") 
[0.505s] -- Using PYTHON_EXECUTABLE: /usr/bin/python3
[0.678s] -- Override CMake install command with custom implementation using symlinks instead of copying resources
[0.704s] -- Found ament_index_cpp: 1.1.0 (/opt/ros/foxy/share/ament_index_cpp/cmake)
[0.706s] -- Found controller_interface: 1.2.0 (/home/legacy/trr_robot_ws/install/controller_interface/share/controller_interface/cmake)
[0.743s] -- Using all available rosidl_typesupport_c: rosidl_typesupport_fastrtps_c;rosidl_typesupport_introspection_c
[0.750s] -- Found rosidl_adapter: 1.2.1 (/opt/ros/foxy/share/rosidl_adapter/cmake)
[0.813s] -- Found OpenSSL: /home/linuxbrew/.linuxbrew/Cellar/openssl@1.1/1.1.1k/lib/libcrypto.so (found version "1.1.1k")  
[0.844s] -- Found FastRTPS: /opt/ros/foxy/include  
[0.924s] -- Using all available rosidl_typesupport_cpp: rosidl_typesupport_fastrtps_cpp;rosidl_typesupport_introspection_cpp
[1.493s] -- Found rmw_implementation_cmake: 1.0.3 (/opt/ros/foxy/share/rmw_implementation_cmake/cmake)
[1.495s] -- Using RMW implementation 'rmw_fastrtps_cpp' as default
[1.496s] -- Looking for pthread.h
[1.567s] -- Looking for pthread.h - found
[1.567s] -- Performing Test CMAKE_HAVE_LIBC_PTHREAD
[1.640s] -- Performing Test CMAKE_HAVE_LIBC_PTHREAD - Failed
[1.640s] -- Looking for pthread_create in pthreads
[1.695s] -- Looking for pthread_create in pthreads - not found
[1.695s] -- Looking for pthread_create in pthread
[1.765s] -- Looking for pthread_create in pthread - found
[1.766s] -- Found Threads: TRUE  
[2.028s] -- Found controller_manager_msgs: 1.2.0 (/home/legacy/trr_robot_ws/install/controller_manager_msgs/share/controller_manager_msgs/cmake)
[2.140s] -- Found ament_cmake_gmock: 0.9.8 (/opt/ros/foxy/share/ament_cmake_gmock/cmake)
[2.142s] -- Found ament_cmake_gtest: 0.9.8 (/opt/ros/foxy/share/ament_cmake_gtest/cmake)
[2.143s] -- Found ament_lint_auto: 0.9.6 (/opt/ros/foxy/share/ament_lint_auto/cmake)
[2.144s] -- Found ros2_control_test_assets: 1.2.0 (/home/legacy/trr_robot_ws/install/ros2_control_test_assets/share/ros2_control_test_assets/cmake)
[2.219s] -- Found gmock sources under '/opt/ros/foxy/src/gmock_vendor': C++ tests using 'Google Mock' will be built
[2.223s] -- Found gtest sources under '/opt/ros/foxy/src/gtest_vendor': C++ tests using 'Google Test' will be built
[2.262s] -- Added test 'copyright' to check source files copyright and LICENSE
[2.264s] -- Added test 'cppcheck' to perform static code analysis on C / C++ code
[2.265s] -- Configured cppcheck include dirs: /home/legacy/trr_robot_ws/src/ros2_control/controller_manager/include
[2.265s] -- Configured cppcheck exclude dirs and/or files: 
[2.266s] -- Added test 'flake8' to check Python code syntax and style conventions
[2.267s] -- Added test 'lint_cmake' to check CMake code style
[2.267s] -- Added test 'pep257' to check Python code against some of the style conventions in PEP 257
[2.268s] -- Added test 'xmllint' to check XML markup files
[2.275s] -- Configuring done
[2.463s] -- Generating done
[2.466s] -- Build files have been written to: /home/legacy/trr_robot_ws/build/controller_manager
[2.478s] Invoked command in '/home/legacy/trr_robot_ws/build/controller_manager' returned '0': AMENT_PREFIX_PATH=/home/legacy/trr_robot_ws/install/controller_interface:/home/legacy/trr_robot_ws/install/hardware_interface:/home/legacy/trr_robot_ws/install/ros2_control_test_assets:/home/legacy/trr_robot_ws/install/controller_manager_msgs:${AMENT_PREFIX_PATH} CMAKE_PREFIX_PATH=/home/legacy/trr_robot_ws/install/controller_interface:/home/legacy/trr_robot_ws/install/hardware_interface:/home/legacy/trr_robot_ws/install/ros2_control_test_assets:/home/legacy/trr_robot_ws/install/controller_manager_msgs:/opt/ros/foxy LD_LIBRARY_PATH=/home/legacy/trr_robot_ws/install/controller_interface/lib:/home/legacy/trr_robot_ws/install/hardware_interface/lib:/home/legacy/trr_robot_ws/install/controller_manager_msgs/lib:${LD_LIBRARY_PATH} PYTHONPATH=/home/legacy/trr_robot_ws/install/controller_manager_msgs/lib/python3.8/site-packages:${PYTHONPATH} /usr/bin/cmake /home/legacy/trr_robot_ws/src/ros2_control/controller_manager -DAMENT_CMAKE_SYMLINK_INSTALL=1 -DCMAKE_INSTALL_PREFIX=/home/legacy/trr_robot_ws/install/controller_manager
[2.481s] Invoking command in '/home/legacy/trr_robot_ws/build/controller_manager': AMENT_PREFIX_PATH=/home/legacy/trr_robot_ws/install/controller_interface:/home/legacy/trr_robot_ws/install/hardware_interface:/home/legacy/trr_robot_ws/install/ros2_control_test_assets:/home/legacy/trr_robot_ws/install/controller_manager_msgs:${AMENT_PREFIX_PATH} CMAKE_PREFIX_PATH=/home/legacy/trr_robot_ws/install/controller_interface:/home/legacy/trr_robot_ws/install/hardware_interface:/home/legacy/trr_robot_ws/install/ros2_control_test_assets:/home/legacy/trr_robot_ws/install/controller_manager_msgs:/opt/ros/foxy LD_LIBRARY_PATH=/home/legacy/trr_robot_ws/install/controller_interface/lib:/home/legacy/trr_robot_ws/install/hardware_interface/lib:/home/legacy/trr_robot_ws/install/controller_manager_msgs/lib:${LD_LIBRARY_PATH} PYTHONPATH=/home/legacy/trr_robot_ws/install/controller_manager_msgs/lib/python3.8/site-packages:${PYTHONPATH} /usr/bin/cmake --build /home/legacy/trr_robot_ws/build/controller_manager -- -j8 -l8
[2.525s] [35m[1mScanning dependencies of target gmock_main[0m
[2.525s] [35m[1mScanning dependencies of target gmock[0m
[2.525s] [35m[1mScanning dependencies of target controller_manager[0m
[2.548s] [  4%] [32mBuilding CXX object gmock/CMakeFiles/gmock_main.dir/src/gmock_main.cc.o[0m
[2.552s] [  8%] [32mBuilding CXX object gmock/CMakeFiles/gmock.dir/opt/ros/foxy/src/gtest_vendor/src/gtest-all.cc.o[0m
[2.557s] [ 12%] [32mBuilding CXX object gmock/CMakeFiles/gmock.dir/src/gmock-all.cc.o[0m
[2.609s] [ 16%] [32mBuilding CXX object CMakeFiles/controller_manager.dir/src/controller_manager.cpp.o[0m
[4.271s] [ 20%] [32m[1mLinking CXX static library libgmock_main.a[0m
[4.330s] [ 20%] Built target gmock_main
[5.323s] In file included from [01m[K/home/legacy/trr_robot_ws/src/ros2_control/controller_manager/src/controller_manager.cpp:15[m[K:
[5.323s] [01m[K/home/legacy/trr_robot_ws/src/ros2_control/controller_manager/include/controller_manager/controller_manager.hpp:131:58:[m[K [01;31m[Kerror: [m[Kâ€˜[01m[Kfrom_nanoseconds[m[Kâ€™ is not a member of â€˜[01m[Krclcpp::Duration[m[Kâ€™
[5.323s]   131 |     const rclcpp::Duration & timeout = rclcpp::Duration::[01;31m[Kfrom_nanoseconds[m[K(kInfiniteTimeout));
[5.323s]       |                                                          [01;31m[K^~~~~~~~~~~~~~~~[m[K
[5.570s] In file included from [01m[K/opt/ros/foxy/include/rclcpp/node.hpp:1221[m[K,
[5.571s]                  from [01m[K/opt/ros/foxy/include/rclcpp/executors/single_threaded_executor.hpp:28[m[K,
[5.571s]                  from [01m[K/opt/ros/foxy/include/rclcpp/executors.hpp:22[m[K,
[5.571s]                  from [01m[K/opt/ros/foxy/include/rclcpp/rclcpp.hpp:146[m[K,
[5.571s]                  from [01m[K/home/legacy/trr_robot_ws/install/controller_interface/include/controller_interface/controller_interface.hpp:28[m[K,
[5.571s]                  from [01m[K/home/legacy/trr_robot_ws/src/ros2_control/controller_manager/include/controller_manager/controller_manager.hpp:23[m[K,
[5.572s]                  from [01m[K/home/legacy/trr_robot_ws/src/ros2_control/controller_manager/src/controller_manager.cpp:15[m[K:
[5.572s] /opt/ros/foxy/include/rclcpp/node_impl.hpp: In instantiation of â€˜[01m[Kauto rclcpp::Node::declare_parameter(const string&, const ParameterT&, const ParameterDescriptor&, bool) [with ParameterT = rclcpp::ParameterType; std::string = std::__cxx11::basic_string<char>; rcl_interfaces::msg::ParameterDescriptor = rcl_interfaces::msg::ParameterDescriptor_<std::allocator<void> >][m[Kâ€™:
[5.572s] [01m[K/home/legacy/trr_robot_ws/src/ros2_control/controller_manager/src/controller_manager.cpp:206:74:[m[K   required from here
[5.572s] [01m[K/opt/ros/foxy/include/rclcpp/node_impl.hpp:169:23:[m[K [01;31m[Kerror: [m[Kno matching function for call to â€˜[01m[Krclcpp::ParameterValue::get<rclcpp::ParameterType>() const[m[Kâ€™
[5.572s]   169 |     ).get<ParameterT>([01;31m[K)[m[K;
[5.572s]       |                       [01;31m[K^[m[K
[5.572s] In file included from [01m[K/opt/ros/foxy/include/rclcpp/parameter.hpp:26[m[K,
[5.572s]                  from [01m[K/opt/ros/foxy/include/rclcpp/node_interfaces/node_parameters_interface.hpp:28[m[K,
[5.573s]                  from [01m[K/opt/ros/foxy/include/rclcpp/node.hpp:51[m[K,
[5.573s]                  from [01m[K/opt/ros/foxy/include/rclcpp/executors/single_threaded_executor.hpp:28[m[K,
[5.573s]                  from [01m[K/opt/ros/foxy/include/rclcpp/executors.hpp:22[m[K,
[5.573s]                  from [01m[K/opt/ros/foxy/include/rclcpp/rclcpp.hpp:146[m[K,
[5.573s]                  from [01m[K/home/legacy/trr_robot_ws/install/controller_interface/include/controller_interface/controller_interface.hpp:28[m[K,
[5.573s]                  from [01m[K/home/legacy/trr_robot_ws/src/ros2_control/controller_manager/include/controller_manager/controller_manager.hpp:23[m[K,
[5.573s]                  from [01m[K/home/legacy/trr_robot_ws/src/ros2_control/controller_manager/src/controller_manager.cpp:15[m[K:
[5.573s] [01m[K/opt/ros/foxy/include/rclcpp/parameter_value.hpp:148:3:[m[K [01;36m[Knote: [m[Kcandidate: â€˜[01m[Ktemplate<rclcpp::ParameterType type> constexpr typename std::enable_if<(type == rclcpp::PARAMETER_BOOL), const bool&>::type rclcpp::ParameterValue::get() const[m[Kâ€™
[5.574s]   148 |   [01;36m[Kget[m[K() const
[5.574s]       |   [01;36m[K^~~[m[K
[5.574s] [01m[K/opt/ros/foxy/include/rclcpp/parameter_value.hpp:148:3:[m[K [01;36m[Knote: [m[K  template argument deduction/substitution failed:
[5.574s] [01m[K/opt/ros/foxy/include/rclcpp/parameter_value.hpp:159:3:[m[K [01;36m[Knote: [m[Kcandidate: â€˜[01m[Ktemplate<rclcpp::ParameterType type> constexpr typename std::enable_if<(type == rclcpp::PARAMETER_INTEGER), const long int&>::type rclcpp::ParameterValue::get() const[m[Kâ€™
[5.574s]   159 |   [01;36m[Kget[m[K() const
[5.574s]       |   [01;36m[K^~~[m[K
[5.574s] [01m[K/opt/ros/foxy/include/rclcpp/parameter_value.hpp:159:3:[m[K [01;36m[Knote: [m[K  template argument deduction/substitution failed:
[5.574s] [01m[K/opt/ros/foxy/include/rclcpp/parameter_value.hpp:170:3:[m[K [01;36m[Knote: [m[Kcandidate: â€˜[01m[Ktemplate<rclcpp::ParameterType type> constexpr typename std::enable_if<(type == rclcpp::PARAMETER_DOUBLE), const double&>::type rclcpp::ParameterValue::get() const[m[Kâ€™
[5.575s]   170 |   [01;36m[Kget[m[K() const
[5.575s]       |   [01;36m[K^~~[m[K
[5.575s] [01m[K/opt/ros/foxy/include/rclcpp/parameter_value.hpp:170:3:[m[K [01;36m[Knote: [m[K  template argument deduction/substitution failed:
[5.575s] [01m[K/opt/ros/foxy/include/rclcpp/parameter_value.hpp:181:3:[m[K [01;36m[Knote: [m[Kcandidate: â€˜[01m[Ktemplate<rclcpp::ParameterType type> constexpr typename std::enable_if<(type == rclcpp::PARAMETER_STRING), const std::__cxx11::basic_string<char>&>::type rclcpp::ParameterValue::get() const[m[Kâ€™
[5.575s]   181 |   [01;36m[Kget[m[K() const
[5.575s]       |   [01;36m[K^~~[m[K
[5.575s] [01m[K/opt/ros/foxy/include/rclcpp/parameter_value.hpp:181:3:[m[K [01;36m[Knote: [m[K  template argument deduction/substitution failed:
[5.575s] [01m[K/opt/ros/foxy/include/rclcpp/parameter_value.hpp:193:3:[m[K [01;36m[Knote: [m[Kcandidate: â€˜[01m[Ktemplate<rclcpp::ParameterType type> constexpr typename std::enable_if<(type == rclcpp::PARAMETER_BYTE_ARRAY), const std::vector<unsigned char, std::allocator<unsigned char> >&>::type rclcpp::ParameterValue::get() const[m[Kâ€™
[5.576s]   193 |   [01;36m[Kget[m[K() const
[5.576s]       |   [01;36m[K^~~[m[K
[5.576s] [01m[K/opt/ros/foxy/include/rclcpp/parameter_value.hpp:193:3:[m[K [01;36m[Knote: [m[K  template argument deduction/substitution failed:
[5.576s] [01m[K/opt/ros/foxy/include/rclcpp/parameter_value.hpp:205:3:[m[K [01;36m[Knote: [m[Kcandidate: â€˜[01m[Ktemplate<rclcpp::ParameterType type> constexpr typename std::enable_if<(type == rclcpp::PARAMETER_BOOL_ARRAY), const std::vector<bool, std::allocator<bool> >&>::type rclcpp::ParameterValue::get() const[m[Kâ€™
[5.576s]   205 |   [01;36m[Kget[m[K() const
[5.576s]       |   [01;36m[K^~~[m[K
[5.577s] [01m[K/opt/ros/foxy/include/rclcpp/parameter_value.hpp:205:3:[m[K [01;36m[Knote: [m[K  template argument deduction/substitution failed:
[5.577s] [01m[K/opt/ros/foxy/include/rclcpp/parameter_value.hpp:217:3:[m[K [01;36m[Knote: [m[Kcandidate: â€˜[01m[Ktemplate<rclcpp::ParameterType type> constexpr typename std::enable_if<(type == rclcpp::PARAMETER_INTEGER_ARRAY), const std::vector<long int, std::allocator<long int> >&>::type rclcpp::ParameterValue::get() const[m[Kâ€™
[5.577s]   217 |   [01;36m[Kget[m[K() const
[5.577s]       |   [01;36m[K^~~[m[K
[5.577s] [01m[K/opt/ros/foxy/include/rclcpp/parameter_value.hpp:217:3:[m[K [01;36m[Knote: [m[K  template argument deduction/substitution failed:
[5.577s] [01m[K/opt/ros/foxy/include/rclcpp/parameter_value.hpp:229:3:[m[K [01;36m[Knote: [m[Kcandidate: â€˜[01m[Ktemplate<rclcpp::ParameterType type> constexpr typename std::enable_if<(type == rclcpp::PARAMETER_DOUBLE_ARRAY), const std::vector<double, std::allocator<double> >&>::type rclcpp::ParameterValue::get() const[m[Kâ€™
[5.577s]   229 |   [01;36m[Kget[m[K() const
[5.578s]       |   [01;36m[K^~~[m[K
[5.578s] [01m[K/opt/ros/foxy/include/rclcpp/parameter_value.hpp:229:3:[m[K [01;36m[Knote: [m[K  template argument deduction/substitution failed:
[5.578s] [01m[K/opt/ros/foxy/include/rclcpp/parameter_value.hpp:241:3:[m[K [01;36m[Knote: [m[Kcandidate: â€˜[01m[Ktemplate<rclcpp::ParameterType type> constexpr typename std::enable_if<(type == rclcpp::PARAMETER_STRING_ARRAY), const std::vector<std::__cxx11::basic_string<char> >&>::type rclcpp::ParameterValue::get() const[m[Kâ€™
[5.578s]   241 |   [01;36m[Kget[m[K() const
[5.578s]       |   [01;36m[K^~~[m[K
[5.578s] [01m[K/opt/ros/foxy/include/rclcpp/parameter_value.hpp:241:3:[m[K [01;36m[Knote: [m[K  template argument deduction/substitution failed:
[5.578s] [01m[K/opt/ros/foxy/include/rclcpp/parameter_value.hpp:254:3:[m[K [01;36m[Knote: [m[Kcandidate: â€˜[01m[Ktemplate<class type> constexpr typename std::enable_if<std::is_same<T, bool>::value, const bool&>::type rclcpp::ParameterValue::get() const[m[Kâ€™
[5.578s]   254 |   [01;36m[Kget[m[K() const
[5.579s]       |   [01;36m[K^~~[m[K
[5.579s] [01m[K/opt/ros/foxy/include/rclcpp/parameter_value.hpp:254:3:[m[K [01;36m[Knote: [m[K  template argument deduction/substitution failed:
[5.579s] /opt/ros/foxy/include/rclcpp/parameter_value.hpp: In substitution of â€˜[01m[Ktemplate<class type> constexpr typename std::enable_if<std::is_same<T, bool>::value, const bool&>::type rclcpp::ParameterValue::get() const [with type = rclcpp::ParameterType][m[Kâ€™:
[5.579s] [01m[K/opt/ros/foxy/include/rclcpp/node_impl.hpp:169:23:[m[K   required from â€˜[01m[Kauto rclcpp::Node::declare_parameter(const string&, const ParameterT&, const ParameterDescriptor&, bool) [with ParameterT = rclcpp::ParameterType; std::string = std::__cxx11::basic_string<char>; rcl_interfaces::msg::ParameterDescriptor = rcl_interfaces::msg::ParameterDescriptor_<std::allocator<void> >][m[Kâ€™
[5.579s] [01m[K/home/legacy/trr_robot_ws/src/ros2_control/controller_manager/src/controller_manager.cpp:206:74:[m[K   required from here
[5.579s] [01m[K/opt/ros/foxy/include/rclcpp/parameter_value.hpp:254:3:[m[K [01;31m[Kerror: [m[Kno type named â€˜[01m[Ktype[m[Kâ€™ in â€˜[01m[Kstruct std::enable_if<false, const bool&>[m[Kâ€™
[5.579s] /opt/ros/foxy/include/rclcpp/node_impl.hpp: In instantiation of â€˜[01m[Kauto rclcpp::Node::declare_parameter(const string&, const ParameterT&, const ParameterDescriptor&, bool) [with ParameterT = rclcpp::ParameterType; std::string = std::__cxx11::basic_string<char>; rcl_interfaces::msg::ParameterDescriptor = rcl_interfaces::msg::ParameterDescriptor_<std::allocator<void> >][m[Kâ€™:
[5.580s] [01m[K/home/legacy/trr_robot_ws/src/ros2_control/controller_manager/src/controller_manager.cpp:206:74:[m[K   required from here
[5.580s] [01m[K/opt/ros/foxy/include/rclcpp/parameter_value.hpp:263:3:[m[K [01;36m[Knote: [m[Kcandidate: â€˜[01m[Ktemplate<class type> constexpr typename std::enable_if<(std::is_integral<_Tp>::value && (! std::is_same<T, bool>::value)), const long int&>::type rclcpp::ParameterValue::get() const[m[Kâ€™
[5.580s]   263 |   [01;36m[Kget[m[K() const
[5.580s]       |   [01;36m[K^~~[m[K
[5.580s] [01m[K/opt/ros/foxy/include/rclcpp/parameter_value.hpp:263:3:[m[K [01;36m[Knote: [m[K  template argument deduction/substitution failed:
[5.580s] /opt/ros/foxy/include/rclcpp/parameter_value.hpp: In substitution of â€˜[01m[Ktemplate<class type> constexpr typename std::enable_if<(std::is_integral<_Tp>::value && (! std::is_same<T, bool>::value)), const long int&>::type rclcpp::ParameterValue::get() const [with type = rclcpp::ParameterType][m[Kâ€™:
[5.580s] [01m[K/opt/ros/foxy/include/rclcpp/node_impl.hpp:169:23:[m[K   required from â€˜[01m[Kauto rclcpp::Node::declare_parameter(const string&, const ParameterT&, const ParameterDescriptor&, bool) [with ParameterT = rclcpp::ParameterType; std::string = std::__cxx11::basic_string<char>; rcl_interfaces::msg::ParameterDescriptor = rcl_interfaces::msg::ParameterDescriptor_<std::allocator<void> >][m[Kâ€™
[5.580s] [01m[K/home/legacy/trr_robot_ws/src/ros2_control/controller_manager/src/controller_manager.cpp:206:74:[m[K   required from here
[5.581s] [01m[K/opt/ros/foxy/include/rclcpp/parameter_value.hpp:263:3:[m[K [01;31m[Kerror: [m[Kno type named â€˜[01m[Ktype[m[Kâ€™ in â€˜[01m[Kstruct std::enable_if<false, const long int&>[m[Kâ€™
[5.581s] /opt/ros/foxy/include/rclcpp/node_impl.hpp: In instantiation of â€˜[01m[Kauto rclcpp::Node::declare_parameter(const string&, const ParameterT&, const ParameterDescriptor&, bool) [with ParameterT = rclcpp::ParameterType; std::string = std::__cxx11::basic_string<char>; rcl_interfaces::msg::ParameterDescriptor = rcl_interfaces::msg::ParameterDescriptor_<std::allocator<void> >][m[Kâ€™:
[5.581s] [01m[K/home/legacy/trr_robot_ws/src/ros2_control/controller_manager/src/controller_manager.cpp:206:74:[m[K   required from here
[5.581s] [01m[K/opt/ros/foxy/include/rclcpp/parameter_value.hpp:271:3:[m[K [01;36m[Knote: [m[Kcandidate: â€˜[01m[Ktemplate<class type> constexpr typename std::enable_if<std::is_floating_point<_Tp>::value, const double&>::type rclcpp::ParameterValue::get() const[m[Kâ€™
[5.581s]   271 |   [01;36m[Kget[m[K() const
[5.581s]       |   [01;36m[K^~~[m[K
[5.581s] [01m[K/opt/ros/foxy/include/rclcpp/parameter_value.hpp:271:3:[m[K [01;36m[Knote: [m[K  template argument deduction/substitution failed:
[5.581s] /opt/ros/foxy/include/rclcpp/parameter_value.hpp: In substitution of â€˜[01m[Ktemplate<class type> constexpr typename std::enable_if<std::is_floating_point<_Tp>::value, const double&>::type rclcpp::ParameterValue::get() const [with type = rclcpp::ParameterType][m[Kâ€™:
[5.582s] [01m[K/opt/ros/foxy/include/rclcpp/node_impl.hpp:169:23:[m[K   required from â€˜[01m[Kauto rclcpp::Node::declare_parameter(const string&, const ParameterT&, const ParameterDescriptor&, bool) [with ParameterT = rclcpp::ParameterType; std::string = std::__cxx11::basic_string<char>; rcl_interfaces::msg::ParameterDescriptor = rcl_interfaces::msg::ParameterDescriptor_<std::allocator<void> >][m[Kâ€™
[5.582s] [01m[K/home/legacy/trr_robot_ws/src/ros2_control/controller_manager/src/controller_manager.cpp:206:74:[m[K   required from here
[5.582s] [01m[K/opt/ros/foxy/include/rclcpp/parameter_value.hpp:271:3:[m[K [01;31m[Kerror: [m[Kno type named â€˜[01m[Ktype[m[Kâ€™ in â€˜[01m[Kstruct std::enable_if<false, const double&>[m[Kâ€™
[5.582s] /opt/ros/foxy/include/rclcpp/node_impl.hpp: In instantiation of â€˜[01m[Kauto rclcpp::Node::declare_parameter(const string&, const ParameterT&, const ParameterDescriptor&, bool) [with ParameterT = rclcpp::ParameterType; std::string = std::__cxx11::basic_string<char>; rcl_interfaces::msg::ParameterDescriptor = rcl_interfaces::msg::ParameterDescriptor_<std::allocator<void> >][m[Kâ€™:
[5.582s] [01m[K/home/legacy/trr_robot_ws/src/ros2_control/controller_manager/src/controller_manager.cpp:206:74:[m[K   required from here
[5.582s] [01m[K/opt/ros/foxy/include/rclcpp/parameter_value.hpp:279:3:[m[K [01;36m[Knote: [m[Kcandidate: â€˜[01m[Ktemplate<class type> constexpr typename std::enable_if<std::is_convertible<type, std::__cxx11::basic_string<char> >::value, const std::__cxx11::basic_string<char>&>::type rclcpp::ParameterValue::get() const[m[Kâ€™
[5.582s]   279 |   [01;36m[Kget[m[K() const
[5.583s]       |   [01;36m[K^~~[m[K
[5.583s] [01m[K/opt/ros/foxy/include/rclcpp/parameter_value.hpp:279:3:[m[K [01;36m[Knote: [m[K  template argument deduction/substitution failed:
[5.583s] /opt/ros/foxy/include/rclcpp/parameter_value.hpp: In substitution of â€˜[01m[Ktemplate<class type> constexpr typename std::enable_if<std::is_convertible<type, std::__cxx11::basic_string<char> >::value, const std::__cxx11::basic_string<char>&>::type rclcpp::ParameterValue::get() const [with type = rclcpp::ParameterType][m[Kâ€™:
[5.583s] [01m[K/opt/ros/foxy/include/rclcpp/node_impl.hpp:169:23:[m[K   required from â€˜[01m[Kauto rclcpp::Node::declare_parameter(const string&, const ParameterT&, const ParameterDescriptor&, bool) [with ParameterT = rclcpp::ParameterType; std::string = std::__cxx11::basic_string<char>; rcl_interfaces::msg::ParameterDescriptor = rcl_interfaces::msg::ParameterDescriptor_<std::allocator<void> >][m[Kâ€™
[5.583s] [01m[K/home/legacy/trr_robot_ws/src/ros2_control/controller_manager/src/controller_manager.cpp:206:74:[m[K   required from here
[5.583s] [01m[K/opt/ros/foxy/include/rclcpp/parameter_value.hpp:279:3:[m[K [01;31m[Kerror: [m[Kno type named â€˜[01m[Ktype[m[Kâ€™ in â€˜[01m[Kstruct std::enable_if<false, const std::__cxx11::basic_string<char>&>[m[Kâ€™
[5.583s] /opt/ros/foxy/include/rclcpp/node_impl.hpp: In instantiation of â€˜[01m[Kauto rclcpp::Node::declare_parameter(const string&, const ParameterT&, const ParameterDescriptor&, bool) [with ParameterT = rclcpp::ParameterType; std::string = std::__cxx11::basic_string<char>; rcl_interfaces::msg::ParameterDescriptor = rcl_interfaces::msg::ParameterDescriptor_<std::allocator<void> >][m[Kâ€™:
[5.584s] [01m[K/home/legacy/trr_robot_ws/src/ros2_control/controller_manager/src/controller_manager.cpp:206:74:[m[K   required from here
[5.584s] [01m[K/opt/ros/foxy/include/rclcpp/parameter_value.hpp:289:3:[m[K [01;36m[Knote: [m[Kcandidate: â€˜[01m[Ktemplate<class type> constexpr typename std::enable_if<std::is_convertible<type, const std::vector<unsigned char, std::allocator<unsigned char> >&>::value, const std::vector<unsigned char, std::allocator<unsigned char> >&>::type rclcpp::ParameterValue::get() const[m[Kâ€™
[5.584s]   289 |   [01;36m[Kget[m[K() const
[5.584s]       |   [01;36m[K^~~[m[K
[5.584s] [01m[K/opt/ros/foxy/include/rclcpp/parameter_value.hpp:289:3:[m[K [01;36m[Knote: [m[K  template argument deduction/substitution failed:
[5.584s] /opt/ros/foxy/include/rclcpp/parameter_value.hpp: In substitution of â€˜[01m[Ktemplate<class type> constexpr typename std::enable_if<std::is_convertible<type, const std::vector<unsigned char, std::allocator<unsigned char> >&>::value, const std::vector<unsigned char, std::allocator<unsigned char> >&>::type rclcpp::ParameterValue::get() const [with type = rclcpp::ParameterType][m[Kâ€™:
[5.584s] [01m[K/opt/ros/foxy/include/rclcpp/node_impl.hpp:169:23:[m[K   required from â€˜[01m[Kauto rclcpp::Node::declare_parameter(const string&, const ParameterT&, const ParameterDescriptor&, bool) [with ParameterT = rclcpp::ParameterType; std::string = std::__cxx11::basic_string<char>; rcl_interfaces::msg::ParameterDescriptor = rcl_interfaces::msg::ParameterDescriptor_<std::allocator<void> >][m[Kâ€™
[5.584s] [01m[K/home/legacy/trr_robot_ws/src/ros2_control/controller_manager/src/controller_manager.cpp:206:74:[m[K   required from here
[5.585s] [01m[K/opt/ros/foxy/include/rclcpp/parameter_value.hpp:289:3:[m[K [01;31m[Kerror: [m[Kno type named â€˜[01m[Ktype[m[Kâ€™ in â€˜[01m[Kstruct std::enable_if<false, const std::vector<unsigned char, std::allocator<unsigned char> >&>[m[Kâ€™
[5.585s] /opt/ros/foxy/include/rclcpp/node_impl.hpp: In instantiation of â€˜[01m[Kauto rclcpp::Node::declare_parameter(const string&, const ParameterT&, const ParameterDescriptor&, bool) [with ParameterT = rclcpp::ParameterType; std::string = std::__cxx11::basic_string<char>; rcl_interfaces::msg::ParameterDescriptor = rcl_interfaces::msg::ParameterDescriptor_<std::allocator<void> >][m[Kâ€™:
[5.585s] [01m[K/home/legacy/trr_robot_ws/src/ros2_control/controller_manager/src/controller_manager.cpp:206:74:[m[K   required from here
[5.585s] [01m[K/opt/ros/foxy/include/rclcpp/parameter_value.hpp:299:3:[m[K [01;36m[Knote: [m[Kcandidate: â€˜[01m[Ktemplate<class type> constexpr typename std::enable_if<std::is_convertible<type, const std::vector<bool, std::allocator<bool> >&>::value, const std::vector<bool, std::allocator<bool> >&>::type rclcpp::ParameterValue::get() const[m[Kâ€™
[5.585s]   299 |   [01;36m[Kget[m[K() const
[5.585s]       |   [01;36m[K^~~[m[K
[5.585s] [01m[K/opt/ros/foxy/include/rclcpp/parameter_value.hpp:299:3:[m[K [01;36m[Knote: [m[K  template argument deduction/substitution failed:
[5.586s] /opt/ros/foxy/include/rclcpp/parameter_value.hpp: In substitution of â€˜[01m[Ktemplate<class type> constexpr typename std::enable_if<std::is_convertible<type, const std::vector<bool, std::allocator<bool> >&>::value, const std::vector<bool, std::allocator<bool> >&>::type rclcpp::ParameterValue::get() const [with type = rclcpp::ParameterType][m[Kâ€™:
[5.586s] [01m[K/opt/ros/foxy/include/rclcpp/node_impl.hpp:169:23:[m[K   required from â€˜[01m[Kauto rclcpp::Node::declare_parameter(const string&, const ParameterT&, const ParameterDescriptor&, bool) [with ParameterT = rclcpp::ParameterType; std::string = std::__cxx11::basic_string<char>; rcl_interfaces::msg::ParameterDescriptor = rcl_interfaces::msg::ParameterDescriptor_<std::allocator<void> >][m[Kâ€™
[5.586s] [01m[K/home/legacy/trr_robot_ws/src/ros2_control/controller_manager/src/controller_manager.cpp:206:74:[m[K   required from here
[5.586s] [01m[K/opt/ros/foxy/include/rclcpp/parameter_value.hpp:299:3:[m[K [01;31m[Kerror: [m[Kno type named â€˜[01m[Ktype[m[Kâ€™ in â€˜[01m[Kstruct std::enable_if<false, const std::vector<bool, std::allocator<bool> >&>[m[Kâ€™
[5.586s] /opt/ros/foxy/include/rclcpp/node_impl.hpp: In instantiation of â€˜[01m[Kauto rclcpp::Node::declare_parameter(const string&, const ParameterT&, const ParameterDescriptor&, bool) [with ParameterT = rclcpp::ParameterType; std::string = std::__cxx11::basic_string<char>; rcl_interfaces::msg::ParameterDescriptor = rcl_interfaces::msg::ParameterDescriptor_<std::allocator<void> >][m[Kâ€™:
[5.586s] [01m[K/home/legacy/trr_robot_ws/src/ros2_control/controller_manager/src/controller_manager.cpp:206:74:[m[K   required from here
[5.586s] [01m[K/opt/ros/foxy/include/rclcpp/parameter_value.hpp:309:3:[m[K [01;36m[Knote: [m[Kcandidate: â€˜[01m[Ktemplate<class type> constexpr typename std::enable_if<std::is_convertible<type, const std::vector<long int, std::allocator<long int> >&>::value, const std::vector<long int, std::allocator<long int> >&>::type rclcpp::ParameterValue::get() const[m[Kâ€™
[5.587s]   309 |   [01;36m[Kget[m[K() const
[5.587s]       |   [01;36m[K^~~[m[K
[5.587s] [01m[K/opt/ros/foxy/include/rclcpp/parameter_value.hpp:309:3:[m[K [01;36m[Knote: [m[K  template argument deduction/substitution failed:
[5.587s] /opt/ros/foxy/include/rclcpp/parameter_value.hpp: In substitution of â€˜[01m[Ktemplate<class type> constexpr typename std::enable_if<std::is_convertible<type, const std::vector<long int, std::allocator<long int> >&>::value, const std::vector<long int, std::allocator<long int> >&>::type rclcpp::ParameterValue::get() const [with type = rclcpp::ParameterType][m[Kâ€™:
[5.587s] [01m[K/opt/ros/foxy/include/rclcpp/node_impl.hpp:169:23:[m[K   required from â€˜[01m[Kauto rclcpp::Node::declare_parameter(const string&, const ParameterT&, const ParameterDescriptor&, bool) [with ParameterT = rclcpp::ParameterType; std::string = std::__cxx11::basic_string<char>; rcl_interfaces::msg::ParameterDescriptor = rcl_interfaces::msg::ParameterDescriptor_<std::allocator<void> >][m[Kâ€™
[5.587s] [01m[K/home/legacy/trr_robot_ws/src/ros2_control/controller_manager/src/controller_manager.cpp:206:74:[m[K   required from here
[5.587s] [01m[K/opt/ros/foxy/include/rclcpp/parameter_value.hpp:309:3:[m[K [01;31m[Kerror: [m[Kno type named â€˜[01m[Ktype[m[Kâ€™ in â€˜[01m[Kstruct std::enable_if<false, const std::vector<long int, std::allocator<long int> >&>[m[Kâ€™
[5.588s] /opt/ros/foxy/include/rclcpp/node_impl.hpp: In instantiation of â€˜[01m[Kauto rclcpp::Node::declare_parameter(const string&, const ParameterT&, const ParameterDescriptor&, bool) [with ParameterT = rclcpp::ParameterType; std::string = std::__cxx11::basic_string<char>; rcl_interfaces::msg::ParameterDescriptor = rcl_interfaces::msg::ParameterDescriptor_<std::allocator<void> >][m[Kâ€™:
[5.588s] [01m[K/home/legacy/trr_robot_ws/src/ros2_control/controller_manager/src/controller_manager.cpp:206:74:[m[K   required from here
[5.588s] [01m[K/opt/ros/foxy/include/rclcpp/parameter_value.hpp:319:3:[m[K [01;36m[Knote: [m[Kcandidate: â€˜[01m[Ktemplate<class type> constexpr typename std::enable_if<std::is_convertible<type, const std::vector<double, std::allocator<double> >&>::value, const std::vector<double, std::allocator<double> >&>::type rclcpp::ParameterValue::get() const[m[Kâ€™
[5.588s]   319 |   [01;36m[Kget[m[K() const
[5.588s]       |   [01;36m[K^~~[m[K
[5.588s] [01m[K/opt/ros/foxy/include/rclcpp/parameter_value.hpp:319:3:[m[K [01;36m[Knote: [m[K  template argument deduction/substitution failed:
[5.588s] /opt/ros/foxy/include/rclcpp/parameter_value.hpp: In substitution of â€˜[01m[Ktemplate<class type> constexpr typename std::enable_if<std::is_convertible<type, const std::vector<double, std::allocator<double> >&>::value, const std::vector<double, std::allocator<double> >&>::type rclcpp::ParameterValue::get() const [with type = rclcpp::ParameterType][m[Kâ€™:
[5.588s] [01m[K/opt/ros/foxy/include/rclcpp/node_impl.hpp:169:23:[m[K   required from â€˜[01m[Kauto rclcpp::Node::declare_parameter(const string&, const ParameterT&, const ParameterDescriptor&, bool) [with ParameterT = rclcpp::ParameterType; std::string = std::__cxx11::basic_string<char>; rcl_interfaces::msg::ParameterDescriptor = rcl_interfaces::msg::ParameterDescriptor_<std::allocator<void> >][m[Kâ€™
[5.589s] [01m[K/home/legacy/trr_robot_ws/src/ros2_control/controller_manager/src/controller_manager.cpp:206:74:[m[K   required from here
[5.589s] [01m[K/opt/ros/foxy/include/rclcpp/parameter_value.hpp:319:3:[m[K [01;31m[Kerror: [m[Kno type named â€˜[01m[Ktype[m[Kâ€™ in â€˜[01m[Kstruct std::enable_if<false, const std::vector<double, std::allocator<double> >&>[m[Kâ€™
[5.589s] /opt/ros/foxy/include/rclcpp/node_impl.hpp: In instantiation of â€˜[01m[Kauto rclcpp::Node::declare_parameter(const string&, const ParameterT&, const ParameterDescriptor&, bool) [with ParameterT = rclcpp::ParameterType; std::string = std::__cxx11::basic_string<char>; rcl_interfaces::msg::ParameterDescriptor = rcl_interfaces::msg::ParameterDescriptor_<std::allocator<void> >][m[Kâ€™:
[5.589s] [01m[K/home/legacy/trr_robot_ws/src/ros2_control/controller_manager/src/controller_manager.cpp:206:74:[m[K   required from here
[5.589s] [01m[K/opt/ros/foxy/include/rclcpp/parameter_value.hpp:329:3:[m[K [01;36m[Knote: [m[Kcandidate: â€˜[01m[Ktemplate<class type> constexpr typename std::enable_if<std::is_convertible<type, const std::vector<std::__cxx11::basic_string<char> >&>::value, const std::vector<std::__cxx11::basic_string<char> >&>::type rclcpp::ParameterValue::get() const[m[Kâ€™
[5.589s]   329 |   [01;36m[Kget[m[K() const
[5.589s]       |   [01;36m[K^~~[m[K
[5.589s] [01m[K/opt/ros/foxy/include/rclcpp/parameter_value.hpp:329:3:[m[K [01;36m[Knote: [m[K  template argument deduction/substitution failed:
[5.590s] /opt/ros/foxy/include/rclcpp/parameter_value.hpp: In substitution of â€˜[01m[Ktemplate<class type> constexpr typename std::enable_if<std::is_convertible<type, const std::vector<std::__cxx11::basic_string<char> >&>::value, const std::vector<std::__cxx11::basic_string<char> >&>::type rclcpp::ParameterValue::get() const [with type = rclcpp::ParameterType][m[Kâ€™:
[5.590s] [01m[K/opt/ros/foxy/include/rclcpp/node_impl.hpp:169:23:[m[K   required from â€˜[01m[Kauto rclcpp::Node::declare_parameter(const string&, const ParameterT&, const ParameterDescriptor&, bool) [with ParameterT = rclcpp::ParameterType; std::string = std::__cxx11::basic_string<char>; rcl_interfaces::msg::ParameterDescriptor = rcl_interfaces::msg::ParameterDescriptor_<std::allocator<void> >][m[Kâ€™
[5.590s] [01m[K/home/legacy/trr_robot_ws/src/ros2_control/controller_manager/src/controller_manager.cpp:206:74:[m[K   required from here
[5.590s] [01m[K/opt/ros/foxy/include/rclcpp/parameter_value.hpp:329:3:[m[K [01;31m[Kerror: [m[Kno type named â€˜[01m[Ktype[m[Kâ€™ in â€˜[01m[Kstruct std::enable_if<false, const std::vector<std::__cxx11::basic_string<char> >&>[m[Kâ€™
[5.711s] [01m[K/home/legacy/trr_robot_ws/src/ros2_control/controller_manager/src/controller_manager.cpp:[m[K In member function â€˜[01m[Kvoid controller_manager::ControllerManager::list_hardware_components_srv_cb(std::shared_ptr<controller_manager_msgs::srv::ListHardwareComponents_Request_<std::allocator<void> > >, std::shared_ptr<controller_manager_msgs::srv::ListHardwareComponents_Response_<std::allocator<void> > >)[m[Kâ€™:
[5.711s] [01m[K/home/legacy/trr_robot_ws/src/ros2_control/controller_manager/src/controller_manager.cpp:1152:83:[m[K [01;35m[Kwarning: [m[Kunused parameter â€˜[01m[Kresponse[m[Kâ€™ [[01;35m[K-Wunused-parameter[m[K]
[5.711s]  1152 |   [01;35m[Kstd::shared_ptr<controller_manager_msgs::srv::ListHardwareComponents::Response> response[m[K)
[5.711s]       |   [01;35m[K~~~~~~~~~~~~~~~~~~~~~~~~~~~~~~~~~~~~~~~~~~~~~~~~~~~~~~~~~~~~~~~~~~~~~~~~~~~~~~~~^~~~~~~~[m[K
[5.727s] [01m[K/home/legacy/trr_robot_ws/src/ros2_control/controller_manager/src/controller_manager.cpp:[m[K In member function â€˜[01m[Kvoid controller_manager::ControllerManager::set_hardware_component_state_srv_cb(std::shared_ptr<controller_manager_msgs::srv::SetHardwareComponentState_Request_<std::allocator<void> > >, std::shared_ptr<controller_manager_msgs::srv::SetHardwareComponentState_Response_<std::allocator<void> > >)[m[Kâ€™:
[5.727s] [01m[K/home/legacy/trr_robot_ws/src/ros2_control/controller_manager/src/controller_manager.cpp:1191:86:[m[K [01;35m[Kwarning: [m[Kunused parameter â€˜[01m[Kresponse[m[Kâ€™ [[01;35m[K-Wunused-parameter[m[K]
[5.727s]  1191 |   [01;35m[Kstd::shared_ptr<controller_manager_msgs::srv::SetHardwareComponentState::Response> response[m[K)
[5.727s]       |   [01;35m[K~~~~~~~~~~~~~~~~~~~~~~~~~~~~~~~~~~~~~~~~~~~~~~~~~~~~~~~~~~~~~~~~~~~~~~~~~~~~~~~~~~~^~~~~~~~[m[K
[6.184s] [ 24%] [32m[1mLinking CXX static library libgmock.a[0m
[6.277s] [ 24%] Built target gmock
[8.117s] make[2]: *** [CMakeFiles/controller_manager.dir/build.make:63: CMakeFiles/controller_manager.dir/src/controller_manager.cpp.o] Error 1
[8.117s] make[1]: *** [CMakeFiles/Makefile2:193: CMakeFiles/controller_manager.dir/all] Error 2
[8.117s] make: *** [Makefile:141: all] Error 2
[8.119s] Invoked command in '/home/legacy/trr_robot_ws/build/controller_manager' returned '2': AMENT_PREFIX_PATH=/home/legacy/trr_robot_ws/install/controller_interface:/home/legacy/trr_robot_ws/install/hardware_interface:/home/legacy/trr_robot_ws/install/ros2_control_test_assets:/home/legacy/trr_robot_ws/install/controller_manager_msgs:${AMENT_PREFIX_PATH} CMAKE_PREFIX_PATH=/home/legacy/trr_robot_ws/install/controller_interface:/home/legacy/trr_robot_ws/install/hardware_interface:/home/legacy/trr_robot_ws/install/ros2_control_test_assets:/home/legacy/trr_robot_ws/install/controller_manager_msgs:/opt/ros/foxy LD_LIBRARY_PATH=/home/legacy/trr_robot_ws/install/controller_interface/lib:/home/legacy/trr_robot_ws/install/hardware_interface/lib:/home/legacy/trr_robot_ws/install/controller_manager_msgs/lib:${LD_LIBRARY_PATH} PYTHONPATH=/home/legacy/trr_robot_ws/install/controller_manager_msgs/lib/python3.8/site-packages:${PYTHONPATH} /usr/bin/cmake --build /home/legacy/trr_robot_ws/build/controller_manager -- -j8 -l8
