[0.072s] Invoking command in '/home/legacy/trr_robot_ws/build/force_torque_sensor_broadcaster': AMENT_PREFIX_PATH=/home/legacy/trr_robot_ws/install/controller_interface:/home/legacy/trr_robot_ws/install/hardware_interface:/home/legacy/trr_robot_ws/install/ros2_control_test_assets:/home/legacy/trr_robot_ws/install/controller_manager_msgs:${AMENT_PREFIX_PATH} CMAKE_PREFIX_PATH=/home/legacy/trr_robot_ws/install/controller_interface:/home/legacy/trr_robot_ws/install/hardware_interface:/home/legacy/trr_robot_ws/install/ros2_control_test_assets:/home/legacy/trr_robot_ws/install/controller_manager_msgs:/opt/ros/foxy LD_LIBRARY_PATH=/home/legacy/trr_robot_ws/install/controller_interface/lib:/home/legacy/trr_robot_ws/install/hardware_interface/lib:/home/legacy/trr_robot_ws/install/controller_manager_msgs/lib:${LD_LIBRARY_PATH} PYTHONPATH=/home/legacy/trr_robot_ws/install/controller_manager_msgs/lib/python3.8/site-packages:${PYTHONPATH} /usr/bin/cmake --build /home/legacy/trr_robot_ws/build/force_torque_sensor_broadcaster -- -j8 -l8
[1.040s] [ 27%] Built target gmock
[1.041s] [ 45%] Built target gmock_main
[1.042s] [ 63%] Built target force_torque_sensor_broadcaster
[1.042s] [ 72%] [32m[1mLinking CXX executable test_load_force_torque_sensor_broadcaster[0m
[1.043s] [ 90%] Built target test_force_torque_sensor_broadcaster
[2.969s] /home/linuxbrew/.linuxbrew/bin/ld: /opt/ros/foxy/lib/libcontroller_manager.so: undefined reference to `controller_interface::ControllerInterface::get_current_state() const'
[2.969s] collect2: error: ld returned 1 exit status
[2.974s] make[2]: *** [CMakeFiles/test_load_force_torque_sensor_broadcaster.dir/build.make:301: test_load_force_torque_sensor_broadcaster] Error 1
[2.974s] make[1]: *** [CMakeFiles/Makefile2:209: CMakeFiles/test_load_force_torque_sensor_broadcaster.dir/all] Error 2
[2.975s] make: *** [Makefile:141: all] Error 2
