[0.020s] Invoking command in '/home/legacy/trr_robot_ws/build/transmission_interface': AMENT_PREFIX_PATH=/home/legacy/trr_robot_ws/install/hardware_interface:${AMENT_PREFIX_PATH} CMAKE_PREFIX_PATH=/home/legacy/trr_robot_ws/install/hardware_interface:/opt/ros/foxy LD_LIBRARY_PATH=/home/legacy/trr_robot_ws/install/hardware_interface/lib:${LD_LIBRARY_PATH} /usr/bin/cmake /home/legacy/trr_robot_ws/src/ros2_control/transmission_interface -DAMENT_CMAKE_SYMLINK_INSTALL=1 -DCMAKE_INSTALL_PREFIX=/home/legacy/trr_robot_ws/install/transmission_interface
[0.034s] -- Found ament_cmake: 0.9.8 (/opt/ros/foxy/share/ament_cmake/cmake)
[0.059s] -- Using PYTHON_EXECUTABLE: /usr/bin/python3
[0.262s] -- Override CMake install command with custom implementation using symlinks instead of copying resources
[0.270s] -- Found hardware_interface: 1.2.0 (/home/legacy/trr_robot_ws/install/hardware_interface/share/hardware_interface/cmake)
[0.299s] -- Using all available rosidl_typesupport_c: rosidl_typesupport_fastrtps_c;rosidl_typesupport_introspection_c
[0.303s] -- Found rosidl_adapter: 1.2.1 (/opt/ros/foxy/share/rosidl_adapter/cmake)
[0.443s] -- Using all available rosidl_typesupport_cpp: rosidl_typesupport_fastrtps_cpp;rosidl_typesupport_introspection_cpp
[1.025s] -- Found ament_cmake_gmock: 0.9.8 (/opt/ros/foxy/share/ament_cmake_gmock/cmake)
[1.026s] -- Found ament_lint_auto: 0.9.6 (/opt/ros/foxy/share/ament_lint_auto/cmake)
[1.093s] -- Found gmock sources under '/opt/ros/foxy/src/gmock_vendor': C++ tests using 'Google Mock' will be built
[1.094s] -- Found ament_cmake_gtest: 0.9.8 (/opt/ros/foxy/share/ament_cmake_gtest/cmake)
[1.095s] -- Found gtest sources under '/opt/ros/foxy/src/gtest_vendor': C++ tests using 'Google Test' will be built
[1.141s] -- Added test 'copyright' to check source files copyright and LICENSE
[1.143s] -- Added test 'cppcheck' to perform static code analysis on C / C++ code
[1.144s] -- Configured cppcheck include dirs: /home/legacy/trr_robot_ws/src/ros2_control/transmission_interface/include;/home/legacy/trr_robot_ws/src/ros2_control/transmission_interface/hardware_interface
[1.144s] -- Configured cppcheck exclude dirs and/or files: 
[1.145s] -- Added test 'lint_cmake' to check CMake code style
[1.146s] -- Added test 'xmllint' to check XML markup files
[1.150s] -- Configuring done
[1.206s] -- Generating done
[1.208s] -- Build files have been written to: /home/legacy/trr_robot_ws/build/transmission_interface
[1.216s] Invoked command in '/home/legacy/trr_robot_ws/build/transmission_interface' returned '0': AMENT_PREFIX_PATH=/home/legacy/trr_robot_ws/install/hardware_interface:${AMENT_PREFIX_PATH} CMAKE_PREFIX_PATH=/home/legacy/trr_robot_ws/install/hardware_interface:/opt/ros/foxy LD_LIBRARY_PATH=/home/legacy/trr_robot_ws/install/hardware_interface/lib:${LD_LIBRARY_PATH} /usr/bin/cmake /home/legacy/trr_robot_ws/src/ros2_control/transmission_interface -DAMENT_CMAKE_SYMLINK_INSTALL=1 -DCMAKE_INSTALL_PREFIX=/home/legacy/trr_robot_ws/install/transmission_interface
[1.217s] Invoking command in '/home/legacy/trr_robot_ws/build/transmission_interface': AMENT_PREFIX_PATH=/home/legacy/trr_robot_ws/install/hardware_interface:${AMENT_PREFIX_PATH} CMAKE_PREFIX_PATH=/home/legacy/trr_robot_ws/install/hardware_interface:/opt/ros/foxy LD_LIBRARY_PATH=/home/legacy/trr_robot_ws/install/hardware_interface/lib:${LD_LIBRARY_PATH} /usr/bin/cmake --build /home/legacy/trr_robot_ws/build/transmission_interface -- -j8 -l8
[1.276s] [ 18%] Built target gmock_main
[1.277s] [ 45%] Built target gmock
[1.291s] [35m[1mScanning dependencies of target test_simple_transmission[0m
[1.294s] [35m[1mScanning dependencies of target test_differential_transmission[0m
[1.295s] [35m[1mScanning dependencies of target test_four_bar_linkage_transmission[0m
[1.313s] [ 54%] [32mBuilding CXX object CMakeFiles/test_simple_transmission.dir/test/simple_transmission_test.cpp.o[0m
[1.316s] [ 63%] [32mBuilding CXX object CMakeFiles/test_differential_transmission.dir/test/differential_transmission_test.cpp.o[0m
[1.320s] [ 72%] [32mBuilding CXX object CMakeFiles/test_four_bar_linkage_transmission.dir/test/four_bar_linkage_transmission_test.cpp.o[0m
[3.399s] [01m[K/home/legacy/trr_robot_ws/src/ros2_control/transmission_interface/test/simple_transmission_test.cpp:162:25:[m[K [01;31m[Kerror: [m[Kexpected constructor, destructor, or type conversion before â€˜[01m[K([m[Kâ€™ token
[3.399s]   162 | INSTANTIATE_TEST_SUITE_P[01;31m[K([m[K
[3.399s]       |                         [01;31m[K^[m[K
[4.457s] make[2]: *** [CMakeFiles/test_simple_transmission.dir/build.make:63: CMakeFiles/test_simple_transmission.dir/test/simple_transmission_test.cpp.o] Error 1
[4.458s] make[1]: *** [CMakeFiles/Makefile2:182: CMakeFiles/test_simple_transmission.dir/all] Error 2
[4.458s] make[1]: *** Waiting for unfinished jobs....
[7.045s] [ 81%] [32m[1mLinking CXX executable test_differential_transmission[0m
[7.450s] [ 90%] [32m[1mLinking CXX executable test_four_bar_linkage_transmission[0m
[8.168s] [ 90%] Built target test_differential_transmission
[8.170s] [ 90%] Built target test_four_bar_linkage_transmission
[8.172s] make: *** [Makefile:141: all] Error 2
[8.179s] Invoked command in '/home/legacy/trr_robot_ws/build/transmission_interface' returned '2': AMENT_PREFIX_PATH=/home/legacy/trr_robot_ws/install/hardware_interface:${AMENT_PREFIX_PATH} CMAKE_PREFIX_PATH=/home/legacy/trr_robot_ws/install/hardware_interface:/opt/ros/foxy LD_LIBRARY_PATH=/home/legacy/trr_robot_ws/install/hardware_interface/lib:${LD_LIBRARY_PATH} /usr/bin/cmake --build /home/legacy/trr_robot_ws/build/transmission_interface -- -j8 -l8
