[0.055s] Invoking command in '/home/legacy/trr_robot_ws/build/diff_drive_controller': AMENT_PREFIX_PATH=/home/legacy/trr_robot_ws/install/controller_interface:/home/legacy/trr_robot_ws/install/hardware_interface:/home/legacy/trr_robot_ws/install/ros2_control_test_assets:/home/legacy/trr_robot_ws/install/controller_manager_msgs:${AMENT_PREFIX_PATH} CMAKE_PREFIX_PATH=/home/legacy/trr_robot_ws/install/controller_interface:/home/legacy/trr_robot_ws/install/hardware_interface:/home/legacy/trr_robot_ws/install/ros2_control_test_assets:/home/legacy/trr_robot_ws/install/controller_manager_msgs:/opt/ros/foxy LD_LIBRARY_PATH=/home/legacy/trr_robot_ws/install/controller_interface/lib:/home/legacy/trr_robot_ws/install/hardware_interface/lib:/home/legacy/trr_robot_ws/install/controller_manager_msgs/lib:${LD_LIBRARY_PATH} PYTHONPATH=/home/legacy/trr_robot_ws/install/controller_manager_msgs/lib/python3.8/site-packages:${PYTHONPATH} /usr/bin/cmake /home/legacy/trr_robot_ws/src/ros2_controllers/diff_drive_controller -DAMENT_CMAKE_SYMLINK_INSTALL=1 -DCMAKE_INSTALL_PREFIX=/home/legacy/trr_robot_ws/install/diff_drive_controller
[0.534s] -- The C compiler identification is GNU 9.3.0
[0.534s] -- The CXX compiler identification is GNU 9.3.0
[0.534s] -- Check for working C compiler: /usr/bin/cc
[0.535s] -- Check for working C compiler: /usr/bin/cc -- works
[0.535s] -- Detecting C compiler ABI info
[0.552s] -- Detecting C compiler ABI info - done
[0.573s] -- Detecting C compile features
[0.573s] -- Detecting C compile features - done
[0.577s] -- Check for working CXX compiler: /usr/bin/c++
[0.760s] -- Check for working CXX compiler: /usr/bin/c++ -- works
[0.762s] -- Detecting CXX compiler ABI info
[0.944s] -- Detecting CXX compiler ABI info - done
[0.980s] -- Detecting CXX compile features
[0.983s] -- Detecting CXX compile features - done
[0.988s] -- Found ament_cmake: 0.9.8 (/opt/ros/foxy/share/ament_cmake/cmake)
[1.042s] -- Found PythonInterp: /usr/bin/python3 (found suitable version "3.8.10", minimum required is "3") 
[1.042s] -- Using PYTHON_EXECUTABLE: /usr/bin/python3
[1.452s] -- Override CMake install command with custom implementation using symlinks instead of copying resources
[1.500s] -- Found controller_interface: 1.2.0 (/home/legacy/trr_robot_ws/install/controller_interface/share/controller_interface/cmake)
[1.576s] -- Using all available rosidl_typesupport_c: rosidl_typesupport_fastrtps_c;rosidl_typesupport_introspection_c
[1.589s] -- Found rosidl_adapter: 1.2.1 (/opt/ros/foxy/share/rosidl_adapter/cmake)
[1.699s] -- Found OpenSSL: /home/linuxbrew/.linuxbrew/Cellar/openssl@1.1/1.1.1k/lib/libcrypto.so (found version "1.1.1k")  
[1.763s] -- Found FastRTPS: /opt/ros/foxy/include  
[1.931s] -- Using all available rosidl_typesupport_cpp: rosidl_typesupport_fastrtps_cpp;rosidl_typesupport_introspection_cpp
[3.299s] -- Found rmw_implementation_cmake: 1.0.3 (/opt/ros/foxy/share/rmw_implementation_cmake/cmake)
[3.303s] -- Using RMW implementation 'rmw_fastrtps_cpp' as default
[3.305s] -- Looking for pthread.h
[3.440s] -- Looking for pthread.h - found
[3.440s] -- Performing Test CMAKE_HAVE_LIBC_PTHREAD
[3.578s] -- Performing Test CMAKE_HAVE_LIBC_PTHREAD - Failed
[3.579s] -- Looking for pthread_create in pthreads
[3.679s] -- Looking for pthread_create in pthreads - not found
[3.680s] -- Looking for pthread_create in pthread
[3.811s] -- Looking for pthread_create in pthread - found
[3.813s] -- Found Threads: TRUE  
[4.384s] -- Found nav_msgs: 2.0.4 (/opt/ros/foxy/share/nav_msgs/cmake)
[4.580s] -- Found realtime_tools: 2.2.0 (/opt/ros/foxy/share/realtime_tools/cmake)
[4.801s] -- Found tf2: 0.13.10 (/opt/ros/foxy/share/tf2/cmake)
[4.854s] -- Found tf2_msgs: 0.13.10 (/opt/ros/foxy/share/tf2_msgs/cmake)
[5.471s] -- Found ament_cmake_gmock: 0.9.8 (/opt/ros/foxy/share/ament_cmake_gmock/cmake)
[5.475s] -- Found controller_manager: 0.8.1 (/opt/ros/foxy/share/controller_manager/cmake)
[5.717s] -- Found ros2_control_test_assets: 1.2.0 (/home/legacy/trr_robot_ws/install/ros2_control_test_assets/share/ros2_control_test_assets/cmake)
[5.724s] -- Found gmock sources under '/opt/ros/foxy/src/gmock_vendor': C++ tests using 'Google Mock' will be built
[5.734s] -- Found ament_cmake_gtest: 0.9.8 (/opt/ros/foxy/share/ament_cmake_gtest/cmake)
[5.745s] -- Found gtest sources under '/opt/ros/foxy/src/gtest_vendor': C++ tests using 'Google Test' will be built
[6.309s] -- Configuring done
[7.025s] -- Generating done
[7.050s] -- Build files have been written to: /home/legacy/trr_robot_ws/build/diff_drive_controller
[7.115s] Invoked command in '/home/legacy/trr_robot_ws/build/diff_drive_controller' returned '0': AMENT_PREFIX_PATH=/home/legacy/trr_robot_ws/install/controller_interface:/home/legacy/trr_robot_ws/install/hardware_interface:/home/legacy/trr_robot_ws/install/ros2_control_test_assets:/home/legacy/trr_robot_ws/install/controller_manager_msgs:${AMENT_PREFIX_PATH} CMAKE_PREFIX_PATH=/home/legacy/trr_robot_ws/install/controller_interface:/home/legacy/trr_robot_ws/install/hardware_interface:/home/legacy/trr_robot_ws/install/ros2_control_test_assets:/home/legacy/trr_robot_ws/install/controller_manager_msgs:/opt/ros/foxy LD_LIBRARY_PATH=/home/legacy/trr_robot_ws/install/controller_interface/lib:/home/legacy/trr_robot_ws/install/hardware_interface/lib:/home/legacy/trr_robot_ws/install/controller_manager_msgs/lib:${LD_LIBRARY_PATH} PYTHONPATH=/home/legacy/trr_robot_ws/install/controller_manager_msgs/lib/python3.8/site-packages:${PYTHONPATH} /usr/bin/cmake /home/legacy/trr_robot_ws/src/ros2_controllers/diff_drive_controller -DAMENT_CMAKE_SYMLINK_INSTALL=1 -DCMAKE_INSTALL_PREFIX=/home/legacy/trr_robot_ws/install/diff_drive_controller
[7.117s] Invoking command in '/home/legacy/trr_robot_ws/build/diff_drive_controller': AMENT_PREFIX_PATH=/home/legacy/trr_robot_ws/install/controller_interface:/home/legacy/trr_robot_ws/install/hardware_interface:/home/legacy/trr_robot_ws/install/ros2_control_test_assets:/home/legacy/trr_robot_ws/install/controller_manager_msgs:${AMENT_PREFIX_PATH} CMAKE_PREFIX_PATH=/home/legacy/trr_robot_ws/install/controller_interface:/home/legacy/trr_robot_ws/install/hardware_interface:/home/legacy/trr_robot_ws/install/ros2_control_test_assets:/home/legacy/trr_robot_ws/install/controller_manager_msgs:/opt/ros/foxy LD_LIBRARY_PATH=/home/legacy/trr_robot_ws/install/controller_interface/lib:/home/legacy/trr_robot_ws/install/hardware_interface/lib:/home/legacy/trr_robot_ws/install/controller_manager_msgs/lib:${LD_LIBRARY_PATH} PYTHONPATH=/home/legacy/trr_robot_ws/install/controller_manager_msgs/lib/python3.8/site-packages:${PYTHONPATH} /usr/bin/cmake --build /home/legacy/trr_robot_ws/build/diff_drive_controller -- -j8 -l8
[39.791s] [35m[1mScanning dependencies of target gmock[0m
[39.793s] [35m[1mScanning dependencies of target gmock_main[0m
[39.799s] [35m[1mScanning dependencies of target diff_drive_controller[0m
[39.800s] [  6%] [32mBuilding CXX object gmock/CMakeFiles/gmock_main.dir/src/gmock_main.cc.o[0m
[39.800s] [ 13%] [32mBuilding CXX object gmock/CMakeFiles/gmock.dir/opt/ros/foxy/src/gtest_vendor/src/gtest-all.cc.o[0m
[39.800s] [ 20%] [32mBuilding CXX object gmock/CMakeFiles/gmock.dir/src/gmock-all.cc.o[0m
[39.800s] [ 26%] [32mBuilding CXX object CMakeFiles/diff_drive_controller.dir/src/diff_drive_controller.cpp.o[0m
[39.801s] [ 33%] [32mBuilding CXX object CMakeFiles/diff_drive_controller.dir/src/odometry.cpp.o[0m
[39.801s] [ 40%] [32mBuilding CXX object CMakeFiles/diff_drive_controller.dir/src/speed_limiter.cpp.o[0m
[39.801s] [ 46%] [32m[1mLinking CXX static library libgmock_main.a[0m
[39.801s] [ 46%] Built target gmock_main
[39.801s] [ 53%] [32m[1mLinking CXX static library libgmock.a[0m
[39.801s] [ 53%] Built target gmock
[39.801s] [35m[1mScanning dependencies of target test_accumulator[0m
[39.802s] [35m[1mScanning dependencies of target test_load_diff_drive_controller[0m
[39.802s] [ 60%] [32mBuilding CXX object CMakeFiles/test_accumulator.dir/test/test_accumulator.cpp.o[0m
[39.802s] [ 66%] [32mBuilding CXX object CMakeFiles/test_load_diff_drive_controller.dir/test/test_load_diff_drive_controller.cpp.o[0m
[39.802s] [ 73%] [32m[1mLinking CXX executable test_accumulator[0m
[39.802s] [ 73%] Built target test_accumulator
[39.802s] [ 80%] [32m[1mLinking CXX executable test_load_diff_drive_controller[0m
[40.698s] /home/linuxbrew/.linuxbrew/bin/ld: /opt/ros/foxy/lib/libcontroller_manager.so: undefined reference to `controller_interface::ControllerInterface::get_current_state() const'
[40.699s] collect2: error: ld returned 1 exit status
[40.701s] make[2]: *** [CMakeFiles/test_load_diff_drive_controller.dir/build.make:233: test_load_diff_drive_controller] Error 1
[40.702s] make[1]: *** [CMakeFiles/Makefile2:156: CMakeFiles/test_load_diff_drive_controller.dir/all] Error 2
[40.702s] make[1]: *** Waiting for unfinished jobs....
[41.109s] [ 86%] [32m[1mLinking CXX shared library libdiff_drive_controller.so[0m
[42.168s] [ 86%] Built target diff_drive_controller
[42.169s] make: *** [Makefile:141: all] Error 2
