[0.058s] Invoking command in '/home/legacy/trr_robot_ws/build/imu_sensor_broadcaster': AMENT_PREFIX_PATH=/home/legacy/trr_robot_ws/install/controller_interface:/home/legacy/trr_robot_ws/install/hardware_interface:/home/legacy/trr_robot_ws/install/ros2_control_test_assets:/home/legacy/trr_robot_ws/install/controller_manager_msgs:${AMENT_PREFIX_PATH} CMAKE_PREFIX_PATH=/home/legacy/trr_robot_ws/install/controller_interface:/home/legacy/trr_robot_ws/install/hardware_interface:/home/legacy/trr_robot_ws/install/ros2_control_test_assets:/home/legacy/trr_robot_ws/install/controller_manager_msgs:/opt/ros/foxy LD_LIBRARY_PATH=/home/legacy/trr_robot_ws/install/controller_interface/lib:/home/legacy/trr_robot_ws/install/hardware_interface/lib:/home/legacy/trr_robot_ws/install/controller_manager_msgs/lib:${LD_LIBRARY_PATH} PYTHONPATH=/home/legacy/trr_robot_ws/install/controller_manager_msgs/lib/python3.8/site-packages:${PYTHONPATH} /usr/bin/cmake /home/legacy/trr_robot_ws/src/ros2_controllers/imu_sensor_broadcaster -DAMENT_CMAKE_SYMLINK_INSTALL=1 -DCMAKE_INSTALL_PREFIX=/home/legacy/trr_robot_ws/install/imu_sensor_broadcaster
[0.530s] -- The C compiler identification is GNU 9.3.0
[0.530s] -- The CXX compiler identification is GNU 9.3.0
[0.530s] -- Check for working C compiler: /usr/bin/cc
[0.530s] -- Check for working C compiler: /usr/bin/cc -- works
[0.531s] -- Detecting C compiler ABI info
[0.546s] -- Detecting C compiler ABI info - done
[0.573s] -- Detecting C compile features
[0.573s] -- Detecting C compile features - done
[0.579s] -- Check for working CXX compiler: /usr/bin/c++
[0.751s] -- Check for working CXX compiler: /usr/bin/c++ -- works
[0.755s] -- Detecting CXX compiler ABI info
[0.915s] -- Detecting CXX compiler ABI info - done
[0.943s] -- Detecting CXX compile features
[0.944s] -- Detecting CXX compile features - done
[0.949s] -- Found ament_cmake: 0.9.8 (/opt/ros/foxy/share/ament_cmake/cmake)
[0.998s] -- Found PythonInterp: /usr/bin/python3 (found suitable version "3.8.10", minimum required is "3") 
[0.999s] -- Using PYTHON_EXECUTABLE: /usr/bin/python3
[1.398s] -- Override CMake install command with custom implementation using symlinks instead of copying resources
[1.445s] -- Found controller_interface: 1.2.0 (/home/legacy/trr_robot_ws/install/controller_interface/share/controller_interface/cmake)
[1.525s] -- Using all available rosidl_typesupport_c: rosidl_typesupport_fastrtps_c;rosidl_typesupport_introspection_c
[1.541s] -- Found rosidl_adapter: 1.2.1 (/opt/ros/foxy/share/rosidl_adapter/cmake)
[1.653s] -- Found OpenSSL: /home/linuxbrew/.linuxbrew/Cellar/openssl@1.1/1.1.1k/lib/libcrypto.so (found version "1.1.1k")  
[1.717s] -- Found FastRTPS: /opt/ros/foxy/include  
[1.860s] -- Using all available rosidl_typesupport_cpp: rosidl_typesupport_fastrtps_cpp;rosidl_typesupport_introspection_cpp
[3.151s] -- Found rmw_implementation_cmake: 1.0.3 (/opt/ros/foxy/share/rmw_implementation_cmake/cmake)
[3.154s] -- Using RMW implementation 'rmw_fastrtps_cpp' as default
[3.156s] -- Looking for pthread.h
[3.295s] -- Looking for pthread.h - found
[3.295s] -- Performing Test CMAKE_HAVE_LIBC_PTHREAD
[3.435s] -- Performing Test CMAKE_HAVE_LIBC_PTHREAD - Failed
[3.436s] -- Looking for pthread_create in pthreads
[3.539s] -- Looking for pthread_create in pthreads - not found
[3.540s] -- Looking for pthread_create in pthread
[3.678s] -- Looking for pthread_create in pthread - found
[3.680s] -- Found Threads: TRUE  
[4.201s] -- Found realtime_tools: 2.2.0 (/opt/ros/foxy/share/realtime_tools/cmake)
[4.356s] -- Found ament_cmake_gmock: 0.9.8 (/opt/ros/foxy/share/ament_cmake_gmock/cmake)
[4.358s] -- Found controller_manager: 0.8.1 (/opt/ros/foxy/share/controller_manager/cmake)
[4.576s] -- Found ros2_control_test_assets: 1.2.0 (/home/legacy/trr_robot_ws/install/ros2_control_test_assets/share/ros2_control_test_assets/cmake)
[4.583s] -- Found gmock sources under '/opt/ros/foxy/src/gmock_vendor': C++ tests using 'Google Mock' will be built
[4.594s] -- Found ament_cmake_gtest: 0.9.8 (/opt/ros/foxy/share/ament_cmake_gtest/cmake)
[4.596s] -- Found gtest sources under '/opt/ros/foxy/src/gtest_vendor': C++ tests using 'Google Test' will be built
[5.596s] -- Configuring done
[5.841s] -- Generating done
[5.847s] -- Build files have been written to: /home/legacy/trr_robot_ws/build/imu_sensor_broadcaster
[5.877s] Invoked command in '/home/legacy/trr_robot_ws/build/imu_sensor_broadcaster' returned '0': AMENT_PREFIX_PATH=/home/legacy/trr_robot_ws/install/controller_interface:/home/legacy/trr_robot_ws/install/hardware_interface:/home/legacy/trr_robot_ws/install/ros2_control_test_assets:/home/legacy/trr_robot_ws/install/controller_manager_msgs:${AMENT_PREFIX_PATH} CMAKE_PREFIX_PATH=/home/legacy/trr_robot_ws/install/controller_interface:/home/legacy/trr_robot_ws/install/hardware_interface:/home/legacy/trr_robot_ws/install/ros2_control_test_assets:/home/legacy/trr_robot_ws/install/controller_manager_msgs:/opt/ros/foxy LD_LIBRARY_PATH=/home/legacy/trr_robot_ws/install/controller_interface/lib:/home/legacy/trr_robot_ws/install/hardware_interface/lib:/home/legacy/trr_robot_ws/install/controller_manager_msgs/lib:${LD_LIBRARY_PATH} PYTHONPATH=/home/legacy/trr_robot_ws/install/controller_manager_msgs/lib/python3.8/site-packages:${PYTHONPATH} /usr/bin/cmake /home/legacy/trr_robot_ws/src/ros2_controllers/imu_sensor_broadcaster -DAMENT_CMAKE_SYMLINK_INSTALL=1 -DCMAKE_INSTALL_PREFIX=/home/legacy/trr_robot_ws/install/imu_sensor_broadcaster
[5.883s] Invoking command in '/home/legacy/trr_robot_ws/build/imu_sensor_broadcaster': AMENT_PREFIX_PATH=/home/legacy/trr_robot_ws/install/controller_interface:/home/legacy/trr_robot_ws/install/hardware_interface:/home/legacy/trr_robot_ws/install/ros2_control_test_assets:/home/legacy/trr_robot_ws/install/controller_manager_msgs:${AMENT_PREFIX_PATH} CMAKE_PREFIX_PATH=/home/legacy/trr_robot_ws/install/controller_interface:/home/legacy/trr_robot_ws/install/hardware_interface:/home/legacy/trr_robot_ws/install/ros2_control_test_assets:/home/legacy/trr_robot_ws/install/controller_manager_msgs:/opt/ros/foxy LD_LIBRARY_PATH=/home/legacy/trr_robot_ws/install/controller_interface/lib:/home/legacy/trr_robot_ws/install/hardware_interface/lib:/home/legacy/trr_robot_ws/install/controller_manager_msgs/lib:${LD_LIBRARY_PATH} PYTHONPATH=/home/legacy/trr_robot_ws/install/controller_manager_msgs/lib/python3.8/site-packages:${PYTHONPATH} /usr/bin/cmake --build /home/legacy/trr_robot_ws/build/imu_sensor_broadcaster -- -j8 -l8
[6.736s] [35m[1mScanning dependencies of target imu_sensor_broadcaster[0m
[6.736s] [35m[1mScanning dependencies of target gmock[0m
[6.736s] [35m[1mScanning dependencies of target gmock_main[0m
[6.736s] [  9%] [32mBuilding CXX object gmock/CMakeFiles/gmock.dir/opt/ros/foxy/src/gtest_vendor/src/gtest-all.cc.o[0m
[6.737s] [ 18%] [32mBuilding CXX object gmock/CMakeFiles/gmock_main.dir/src/gmock_main.cc.o[0m
[6.737s] [ 27%] [32mBuilding CXX object gmock/CMakeFiles/gmock.dir/src/gmock-all.cc.o[0m
[6.737s] [ 36%] [32mBuilding CXX object CMakeFiles/imu_sensor_broadcaster.dir/src/imu_sensor_broadcaster.cpp.o[0m
[13.892s] [ 45%] [32m[1mLinking CXX static library libgmock_main.a[0m
[14.264s] [ 45%] Built target gmock_main
[26.166s] [ 54%] [32m[1mLinking CXX static library libgmock.a[0m
[26.490s] [ 54%] Built target gmock
[26.572s] [35m[1mScanning dependencies of target test_load_imu_sensor_broadcaster[0m
[26.788s] [ 63%] [32mBuilding CXX object CMakeFiles/test_load_imu_sensor_broadcaster.dir/test/test_load_imu_sensor_broadcaster.cpp.o[0m
[27.471s] [ 72%] [32m[1mLinking CXX shared library libimu_sensor_broadcaster.so[0m
[28.695s] [ 72%] Built target imu_sensor_broadcaster
[28.780s] [35m[1mScanning dependencies of target test_imu_sensor_broadcaster[0m
[29.025s] [ 81%] [32mBuilding CXX object CMakeFiles/test_imu_sensor_broadcaster.dir/test/test_imu_sensor_broadcaster.cpp.o[0m
[37.994s] [ 90%] [32m[1mLinking CXX executable test_load_imu_sensor_broadcaster[0m
[40.746s] /home/linuxbrew/.linuxbrew/bin/ld: /opt/ros/foxy/lib/libcontroller_manager.so: undefined reference to `controller_interface::ControllerInterface::get_current_state() const'
[40.746s] collect2: error: ld returned 1 exit status
[40.749s] make[2]: *** [CMakeFiles/test_load_imu_sensor_broadcaster.dir/build.make:301: test_load_imu_sensor_broadcaster] Error 1
[40.750s] make[1]: *** [CMakeFiles/Makefile2:155: CMakeFiles/test_load_imu_sensor_broadcaster.dir/all] Error 2
[40.750s] make[1]: *** Waiting for unfinished jobs....
[44.912s] [100%] [32m[1mLinking CXX executable test_imu_sensor_broadcaster[0m
[45.792s] [100%] Built target test_imu_sensor_broadcaster
[45.794s] make: *** [Makefile:141: all] Error 2
