[0.026s] Invoking command in '/home/legacy/trr_robot_ws/build/transmission_interface': CMAKE_PREFIX_PATH=/home/legacy/trr_robot_ws/install/hardware_interface:/home/legacy/trr_robot_ws/install/rrbot_description:/home/legacy/trr_robot_ws/install/ros2_control_test_assets:/home/legacy/trr_robot_ws/install/ros2_control_demo_hardware:/home/legacy/trr_robot_ws/install/controller_interface:/home/legacy/trr_robot_ws/install/diffbot_description:/home/legacy/trr_robot_ws/install/controller_manager_msgs:/home/legacy/trr_robot_ws/install/ros2controlcli:/home/legacy/trr_robot_ws/install/ros2_control_test_nodes:/home/legacy/trr_robot_ws/install/robot:/opt/ros/foxy LD_LIBRARY_PATH=/home/legacy/trr_robot_ws/install/hardware_interface/lib:/home/legacy/trr_robot_ws/install/ros2_control_demo_hardware/lib:/home/legacy/trr_robot_ws/install/controller_interface/lib:/home/legacy/trr_robot_ws/install/controller_manager_msgs/lib:/usr/lib/x86_64-linux-gnu/gazebo-11/plugins:/opt/ros/foxy/opt/yaml_cpp_vendor/lib:/opt/ros/foxy/opt/rviz_ogre_vendor/lib:/opt/ros/foxy/lib/x86_64-linux-gnu:/opt/ros/foxy/lib /usr/bin/cmake /home/legacy/trr_robot_ws/src/ros2_control/transmission_interface -DCMAKE_INSTALL_PREFIX=/home/legacy/trr_robot_ws/install/transmission_interface
[0.044s] -- Found ament_cmake: 0.9.8 (/opt/ros/foxy/share/ament_cmake/cmake)
[0.080s] -- Using PYTHON_EXECUTABLE: /usr/bin/python3
[0.308s] -- Override CMake install command with custom implementation using symlinks instead of copying resources
[0.316s] -- Found hardware_interface: 1.2.0 (/home/legacy/trr_robot_ws/install/hardware_interface/share/hardware_interface/cmake)
[0.347s] -- Using all available rosidl_typesupport_c: rosidl_typesupport_fastrtps_c;rosidl_typesupport_introspection_c
[0.351s] -- Found rosidl_adapter: 1.2.1 (/opt/ros/foxy/share/rosidl_adapter/cmake)
[0.504s] -- Using all available rosidl_typesupport_cpp: rosidl_typesupport_fastrtps_cpp;rosidl_typesupport_introspection_cpp
[1.141s] -- Found ament_cmake_gmock: 0.9.8 (/opt/ros/foxy/share/ament_cmake_gmock/cmake)
[1.142s] -- Found ament_lint_auto: 0.9.6 (/opt/ros/foxy/share/ament_lint_auto/cmake)
[1.218s] -- Found gmock sources under '/opt/ros/foxy/src/gmock_vendor': C++ tests using 'Google Mock' will be built
[1.220s] -- Found ament_cmake_gtest: 0.9.8 (/opt/ros/foxy/share/ament_cmake_gtest/cmake)
[1.221s] -- Found gtest sources under '/opt/ros/foxy/src/gtest_vendor': C++ tests using 'Google Test' will be built
[1.274s] -- Added test 'copyright' to check source files copyright and LICENSE
[1.276s] -- Added test 'cppcheck' to perform static code analysis on C / C++ code
[1.277s] -- Configured cppcheck include dirs: /home/legacy/trr_robot_ws/src/ros2_control/transmission_interface/include;/home/legacy/trr_robot_ws/src/ros2_control/transmission_interface/hardware_interface
[1.277s] -- Configured cppcheck exclude dirs and/or files: 
[1.278s] -- Added test 'lint_cmake' to check CMake code style
[1.279s] -- Added test 'xmllint' to check XML markup files
[1.284s] -- Configuring done
[1.344s] -- Generating done
[1.346s] -- Build files have been written to: /home/legacy/trr_robot_ws/build/transmission_interface
[1.354s] Invoked command in '/home/legacy/trr_robot_ws/build/transmission_interface' returned '0': CMAKE_PREFIX_PATH=/home/legacy/trr_robot_ws/install/hardware_interface:/home/legacy/trr_robot_ws/install/rrbot_description:/home/legacy/trr_robot_ws/install/ros2_control_test_assets:/home/legacy/trr_robot_ws/install/ros2_control_demo_hardware:/home/legacy/trr_robot_ws/install/controller_interface:/home/legacy/trr_robot_ws/install/diffbot_description:/home/legacy/trr_robot_ws/install/controller_manager_msgs:/home/legacy/trr_robot_ws/install/ros2controlcli:/home/legacy/trr_robot_ws/install/ros2_control_test_nodes:/home/legacy/trr_robot_ws/install/robot:/opt/ros/foxy LD_LIBRARY_PATH=/home/legacy/trr_robot_ws/install/hardware_interface/lib:/home/legacy/trr_robot_ws/install/ros2_control_demo_hardware/lib:/home/legacy/trr_robot_ws/install/controller_interface/lib:/home/legacy/trr_robot_ws/install/controller_manager_msgs/lib:/usr/lib/x86_64-linux-gnu/gazebo-11/plugins:/opt/ros/foxy/opt/yaml_cpp_vendor/lib:/opt/ros/foxy/opt/rviz_ogre_vendor/lib:/opt/ros/foxy/lib/x86_64-linux-gnu:/opt/ros/foxy/lib /usr/bin/cmake /home/legacy/trr_robot_ws/src/ros2_control/transmission_interface -DCMAKE_INSTALL_PREFIX=/home/legacy/trr_robot_ws/install/transmission_interface
[1.355s] Invoking command in '/home/legacy/trr_robot_ws/build/transmission_interface': CMAKE_PREFIX_PATH=/home/legacy/trr_robot_ws/install/hardware_interface:/home/legacy/trr_robot_ws/install/rrbot_description:/home/legacy/trr_robot_ws/install/ros2_control_test_assets:/home/legacy/trr_robot_ws/install/ros2_control_demo_hardware:/home/legacy/trr_robot_ws/install/controller_interface:/home/legacy/trr_robot_ws/install/diffbot_description:/home/legacy/trr_robot_ws/install/controller_manager_msgs:/home/legacy/trr_robot_ws/install/ros2controlcli:/home/legacy/trr_robot_ws/install/ros2_control_test_nodes:/home/legacy/trr_robot_ws/install/robot:/opt/ros/foxy LD_LIBRARY_PATH=/home/legacy/trr_robot_ws/install/hardware_interface/lib:/home/legacy/trr_robot_ws/install/ros2_control_demo_hardware/lib:/home/legacy/trr_robot_ws/install/controller_interface/lib:/home/legacy/trr_robot_ws/install/controller_manager_msgs/lib:/usr/lib/x86_64-linux-gnu/gazebo-11/plugins:/opt/ros/foxy/opt/yaml_cpp_vendor/lib:/opt/ros/foxy/opt/rviz_ogre_vendor/lib:/opt/ros/foxy/lib/x86_64-linux-gnu:/opt/ros/foxy/lib /usr/bin/cmake --build /home/legacy/trr_robot_ws/build/transmission_interface -- -j8 -l8
[1.419s] [ 18%] Built target gmock_main
[1.423s] [ 45%] Built target gmock
[1.459s] [ 63%] Built target test_four_bar_linkage_transmission
[1.462s] [ 72%] [32mBuilding CXX object CMakeFiles/test_simple_transmission.dir/test/simple_transmission_test.cpp.o[0m
[1.467s] [ 90%] Built target test_differential_transmission
[2.315s] [01m[K/home/legacy/trr_robot_ws/src/ros2_control/transmission_interface/test/simple_transmission_test.cpp:162:25:[m[K [01;31m[Kerror: [m[Kexpected constructor, destructor, or type conversion before â€˜[01m[K([m[Kâ€™ token
[2.315s]   162 | INSTANTIATE_TEST_SUITE_P[01;31m[K([m[K
[2.315s]       |                         [01;31m[K^[m[K
[2.596s] make[2]: *** [CMakeFiles/test_simple_transmission.dir/build.make:63: CMakeFiles/test_simple_transmission.dir/test/simple_transmission_test.cpp.o] Error 1
[2.596s] make[1]: *** [CMakeFiles/Makefile2:182: CMakeFiles/test_simple_transmission.dir/all] Error 2
[2.596s] make: *** [Makefile:141: all] Error 2
[2.598s] Invoked command in '/home/legacy/trr_robot_ws/build/transmission_interface' returned '2': CMAKE_PREFIX_PATH=/home/legacy/trr_robot_ws/install/hardware_interface:/home/legacy/trr_robot_ws/install/rrbot_description:/home/legacy/trr_robot_ws/install/ros2_control_test_assets:/home/legacy/trr_robot_ws/install/ros2_control_demo_hardware:/home/legacy/trr_robot_ws/install/controller_interface:/home/legacy/trr_robot_ws/install/diffbot_description:/home/legacy/trr_robot_ws/install/controller_manager_msgs:/home/legacy/trr_robot_ws/install/ros2controlcli:/home/legacy/trr_robot_ws/install/ros2_control_test_nodes:/home/legacy/trr_robot_ws/install/robot:/opt/ros/foxy LD_LIBRARY_PATH=/home/legacy/trr_robot_ws/install/hardware_interface/lib:/home/legacy/trr_robot_ws/install/ros2_control_demo_hardware/lib:/home/legacy/trr_robot_ws/install/controller_interface/lib:/home/legacy/trr_robot_ws/install/controller_manager_msgs/lib:/usr/lib/x86_64-linux-gnu/gazebo-11/plugins:/opt/ros/foxy/opt/yaml_cpp_vendor/lib:/opt/ros/foxy/opt/rviz_ogre_vendor/lib:/opt/ros/foxy/lib/x86_64-linux-gnu:/opt/ros/foxy/lib /usr/bin/cmake --build /home/legacy/trr_robot_ws/build/transmission_interface -- -j8 -l8
